C:\USERS\Александр\DOCUMENTS\VISUAL STUDIO 2012\PROJECTS\Блокнотик\Блокнотик\DEBUG\Блокнотик.PCH
C:\USERS\Александр\DOCUMENTS\VISUAL STUDIO 2012\PROJECTS\Блокнотик\Блокнотик\DEBUG\STDAFX.OBJ
C:\USERS\АЛЕКСАНДР\DOCUMENTS\VISUAL STUDIO 2012\PROJECTS\БЛОКНОТИК\БЛОКНОТИК\DEBUG\VC110.PDB
C:\USERS\Александр\DOCUMENTS\VISUAL STUDIO 2012\PROJECTS\Блокнотик\Блокнотик\DEBUG\SAMPLE.OBJ
C:\USERS\Александр\DOCUMENTS\VISUAL STUDIO 2012\PROJECTS\Блокнотик\Блокнотик\DEBUG\ASSEMBLYINFO.OBJ
C:\USERS\Александр\DOCUMENTS\VISUAL STUDIO 2012\PROJECTS\Блокнотик\Блокнотик\DEBUG\.NETFRAMEWORK,VERSION=V4.5.ASSEMBLYATTRIBUTES.OBJ
C:\USERS\Александр\DOCUMENTS\VISUAL STUDIO 2012\PROJECTS\Блокнотик\Блокнотик\DEBUG\Печать приглашений.OBJ
C:\USERS\Александр\DOCUMENTS\VISUAL STUDIO 2012\PROJECTS\Блокнотик\Блокнотик\DEBUG\PARTYPRINT.OBJ
C:\USERS\Александр\DOCUMENTS\VISUAL STUDIO 2012\PROJECTS\Блокнотик\DEBUG\Блокнотик.ILK
C:\USERS\Александр\DOCUMENTS\VISUAL STUDIO 2012\PROJECTS\Блокнотик\DEBUG\Блокнотик.EXE
C:\USERS\АЛЕКСАНДР\DOCUMENTS\VISUAL STUDIO 2012\PROJECTS\БЛОКНОТИК\DEBUG\БЛОКНОТИК.PDB
C:\USERS\Александр\DOCUMENTS\VISUAL STUDIO 2012\PROJECTS\Блокнотик\Блокнотик\DEBUG\APP.RES
C:\Users\Александр\documents\visual studio 2012\Projects\Блокнотик\Блокнотик\Debug\Блокнотик.Form1.resources
C:\Users\Александр\documents\visual studio 2012\Projects\Блокнотик\Блокнотик\Debug\Блокнотик.Partyprint.resources
C:\Users\Александр\documents\visual studio 2012\Projects\Блокнотик\Блокнотик\Debug\Блокнотик.vcxproj.GenerateResource.Cache
C:\Users\Александр\documents\visual studio 2012\Projects\Блокнотик\Блокнотик\Debug\Блокнотик.vcxprojResolveAssemblyReference.cache
C:\Users\Александр\documents\visual studio 2012\Projects\Блокнотик\Блокнотик\Debug\.NETFramework,Version=v4.5.AssemblyAttributes.obj
C:\Users\Александр\documents\visual studio 2012\Projects\Блокнотик\Блокнотик\Debug\AssemblyInfo.obj
C:\Users\Александр\documents\visual studio 2012\Projects\Блокнотик\Блокнотик\Debug\Partyprint.obj
C:\Users\Александр\documents\visual studio 2012\Projects\Блокнотик\Блокнотик\Debug\Sample.obj
C:\Users\Александр\documents\visual studio 2012\Projects\Блокнотик\Блокнотик\Debug\stdafx.obj
C:\Users\Александр\documents\visual studio 2012\Projects\Блокнотик\Блокнотик\Debug\Печать приглашений.obj
C:\Users\Александр\documents\visual studio 2012\Projects\Блокнотик\Блокнотик\Debug\cl.command.1.tlog
C:\Users\Александр\documents\visual studio 2012\Projects\Блокнотик\Блокнотик\Debug\CL.read.1.tlog
C:\Users\Александр\documents\visual studio 2012\Projects\Блокнотик\Блокнотик\Debug\CL.write.1.tlog
C:\Users\Александр\documents\visual studio 2012\Projects\Блокнотик\Блокнотик\Debug\link.1060-cvtres.read.1.tlog
C:\Users\Александр\documents\visual studio 2012\Projects\Блокнотик\Блокнотик\Debug\link.1060-cvtres.write.1.tlog
C:\Users\Александр\documents\visual studio 2012\Projects\Блокнотик\Блокнотик\Debug\link.1060-rc.read.1.tlog
C:\Users\Александр\documents\visual studio 2012\Projects\Блокнотик\Блокнотик\Debug\link.1060-rc.write.1.tlog
C:\Users\Александр\documents\visual studio 2012\Projects\Блокнотик\Блокнотик\Debug\link.1060.read.1.tlog
C:\Users\Александр\documents\visual studio 2012\Projects\Блокнотик\Блокнотик\Debug\link.1060.write.1.tlog
C:\Users\Александр\documents\visual studio 2012\Projects\Блокнотик\Блокнотик\Debug\link.1176-cvtres.read.1.tlog
C:\Users\Александр\documents\visual studio 2012\Projects\Блокнотик\Блокнотик\Debug\link.1176-cvtres.write.1.tlog
C:\Users\Александр\documents\visual studio 2012\Projects\Блокнотик\Блокнотик\Debug\link.1176-rc.read.1.tlog
C:\Users\Александр\documents\visual studio 2012\Projects\Блокнотик\Блокнотик\Debug\link.1176-rc.write.1.tlog
C:\Users\Александр\documents\visual studio 2012\Projects\Блокнотик\Блокнотик\Debug\link.1176.read.1.tlog
C:\Users\Александр\documents\visual studio 2012\Projects\Блокнотик\Блокнотик\Debug\link.1176.write.1.tlog
C:\Users\Александр\documents\visual studio 2012\Projects\Блокнотик\Блокнотик\Debug\link.1188-cvtres.read.1.tlog
C:\Users\Александр\documents\visual studio 2012\Projects\Блокнотик\Блокнотик\Debug\link.1188-cvtres.write.1.tlog
C:\Users\Александр\documents\visual studio 2012\Projects\Блокнотик\Блокнотик\Debug\link.1188-rc.read.1.tlog
C:\Users\Александр\documents\visual studio 2012\Projects\Блокнотик\Блокнотик\Debug\link.1188-rc.write.1.tlog
C:\Users\Александр\documents\visual studio 2012\Projects\Блокнотик\Блокнотик\Debug\link.1188.read.1.tlog
C:\Users\Александр\documents\visual studio 2012\Projects\Блокнотик\Блокнотик\Debug\link.1188.write.1.tlog
C:\Users\Александр\documents\visual studio 2012\Projects\Блокнотик\Блокнотик\Debug\link.1364-cvtres.read.1.tlog
C:\Users\Александр\documents\visual studio 2012\Projects\Блокнотик\Блокнотик\Debug\link.1364-cvtres.write.1.tlog
C:\Users\Александр\documents\visual studio 2012\Projects\Блокнотик\Блокнотик\Debug\link.1364-rc.read.1.tlog
C:\Users\Александр\documents\visual studio 2012\Projects\Блокнотик\Блокнотик\Debug\link.1364-rc.write.1.tlog
C:\Users\Александр\documents\visual studio 2012\Projects\Блокнотик\Блокнотик\Debug\link.1364.read.1.tlog
C:\Users\Александр\documents\visual studio 2012\Projects\Блокнотик\Блокнотик\Debug\link.1364.write.1.tlog
C:\Users\Александр\documents\visual studio 2012\Projects\Блокнотик\Блокнотик\Debug\link.1428-cvtres.read.1.tlog
C:\Users\Александр\documents\visual studio 2012\Projects\Блокнотик\Блокнотик\Debug\link.1428-cvtres.write.1.tlog
C:\Users\Александр\documents\visual studio 2012\Projects\Блокнотик\Блокнотик\Debug\link.1428-rc.read.1.tlog
C:\Users\Александр\documents\visual studio 2012\Projects\Блокнотик\Блокнотик\Debug\link.1428-rc.write.1.tlog
C:\Users\Александр\documents\visual studio 2012\Projects\Блокнотик\Блокнотик\Debug\link.1428.read.1.tlog
C:\Users\Александр\documents\visual studio 2012\Projects\Блокнотик\Блокнотик\Debug\link.1428.write.1.tlog
C:\Users\Александр\documents\visual studio 2012\Projects\Блокнотик\Блокнотик\Debug\link.1440-cvtres.read.1.tlog
C:\Users\Александр\documents\visual studio 2012\Projects\Блокнотик\Блокнотик\Debug\link.1440-cvtres.write.1.tlog
C:\Users\Александр\documents\visual studio 2012\Projects\Блокнотик\Блокнотик\Debug\link.1440-rc.read.1.tlog
C:\Users\Александр\documents\visual studio 2012\Projects\Блокнотик\Блокнотик\Debug\link.1440-rc.write.1.tlog
C:\Users\Александр\documents\visual studio 2012\Projects\Блокнотик\Блокнотик\Debug\link.1440.read.1.tlog
C:\Users\Александр\documents\visual studio 2012\Projects\Блокнотик\Блокнотик\Debug\link.1440.write.1.tlog
C:\Users\Александр\documents\visual studio 2012\Projects\Блокнотик\Блокнотик\Debug\link.1464-cvtres.read.1.tlog
C:\Users\Александр\documents\visual studio 2012\Projects\Блокнотик\Блокнотик\Debug\link.1464-cvtres.write.1.tlog
C:\Users\Александр\documents\visual studio 2012\Projects\Блокнотик\Блокнотик\Debug\link.1464-rc.read.1.tlog
C:\Users\Александр\documents\visual studio 2012\Projects\Блокнотик\Блокнотик\Debug\link.1464-rc.write.1.tlog
C:\Users\Александр\documents\visual studio 2012\Projects\Блокнотик\Блокнотик\Debug\link.1464.read.1.tlog
C:\Users\Александр\documents\visual studio 2012\Projects\Блокнотик\Блокнотик\Debug\link.1464.write.1.tlog
C:\Users\Александр\documents\visual studio 2012\Projects\Блокнотик\Блокнотик\Debug\link.1476-cvtres.read.1.tlog
C:\Users\Александр\documents\visual studio 2012\Projects\Блокнотик\Блокнотик\Debug\link.1476-cvtres.write.1.tlog
C:\Users\Александр\documents\visual studio 2012\Projects\Блокнотик\Блокнотик\Debug\link.1476-rc.read.1.tlog
C:\Users\Александр\documents\visual studio 2012\Projects\Блокнотик\Блокнотик\Debug\link.1476-rc.write.1.tlog
C:\Users\Александр\documents\visual studio 2012\Projects\Блокнотик\Блокнотик\Debug\link.1476.read.1.tlog
C:\Users\Александр\documents\visual studio 2012\Projects\Блокнотик\Блокнотик\Debug\link.1476.write.1.tlog
C:\Users\Александр\documents\visual studio 2012\Projects\Блокнотик\Блокнотик\Debug\link.1584-cvtres.read.1.tlog
C:\Users\Александр\documents\visual studio 2012\Projects\Блокнотик\Блокнотик\Debug\link.1584-cvtres.write.1.tlog
C:\Users\Александр\documents\visual studio 2012\Projects\Блокнотик\Блокнотик\Debug\link.1584-rc.read.1.tlog
C:\Users\Александр\documents\visual studio 2012\Projects\Блокнотик\Блокнотик\Debug\link.1584-rc.write.1.tlog
C:\Users\Александр\documents\visual studio 2012\Projects\Блокнотик\Блокнотик\Debug\link.1584.read.1.tlog
C:\Users\Александр\documents\visual studio 2012\Projects\Блокнотик\Блокнотик\Debug\link.1584.write.1.tlog
C:\Users\Александр\documents\visual studio 2012\Projects\Блокнотик\Блокнотик\Debug\link.1772-cvtres.read.1.tlog
C:\Users\Александр\documents\visual studio 2012\Projects\Блокнотик\Блокнотик\Debug\link.1772-cvtres.write.1.tlog
C:\Users\Александр\documents\visual studio 2012\Projects\Блокнотик\Блокнотик\Debug\link.1772-rc.read.1.tlog
C:\Users\Александр\documents\visual studio 2012\Projects\Блокнотик\Блокнотик\Debug\link.1772-rc.write.1.tlog
C:\Users\Александр\documents\visual studio 2012\Projects\Блокнотик\Блокнотик\Debug\link.1772.read.1.tlog
C:\Users\Александр\documents\visual studio 2012\Projects\Блокнотик\Блокнотик\Debug\link.1772.write.1.tlog
C:\Users\Александр\documents\visual studio 2012\Projects\Блокнотик\Блокнотик\Debug\link.1836-cvtres.read.1.tlog
C:\Users\Александр\documents\visual studio 2012\Projects\Блокнотик\Блокнотик\Debug\link.1836-cvtres.write.1.tlog
C:\Users\Александр\documents\visual studio 2012\Projects\Блокнотик\Блокнотик\Debug\link.1836-rc.read.1.tlog
C:\Users\Александр\documents\visual studio 2012\Projects\Блокнотик\Блокнотик\Debug\link.1836-rc.write.1.tlog
C:\Users\Александр\documents\visual studio 2012\Projects\Блокнотик\Блокнотик\Debug\link.1836.read.1.tlog
C:\Users\Александр\documents\visual studio 2012\Projects\Блокнотик\Блокнотик\Debug\link.1836.write.1.tlog
C:\Users\Александр\documents\visual studio 2012\Projects\Блокнотик\Блокнотик\Debug\link.1848-cvtres.read.1.tlog
C:\Users\Александр\documents\visual studio 2012\Projects\Блокнотик\Блокнотик\Debug\link.1848-cvtres.write.1.tlog
C:\Users\Александр\documents\visual studio 2012\Projects\Блокнотик\Блокнотик\Debug\link.1848-rc.read.1.tlog
C:\Users\Александр\documents\visual studio 2012\Projects\Блокнотик\Блокнотик\Debug\link.1848-rc.write.1.tlog
C:\Users\Александр\documents\visual studio 2012\Projects\Блокнотик\Блокнотик\Debug\link.1848.read.1.tlog
C:\Users\Александр\documents\visual studio 2012\Projects\Блокнотик\Блокнотик\Debug\link.1848.write.1.tlog
C:\Users\Александр\documents\visual studio 2012\Projects\Блокнотик\Блокнотик\Debug\link.1868-cvtres.read.1.tlog
C:\Users\Александр\documents\visual studio 2012\Projects\Блокнотик\Блокнотик\Debug\link.1868-cvtres.write.1.tlog
C:\Users\Александр\documents\visual studio 2012\Projects\Блокнотик\Блокнотик\Debug\link.1868-rc.read.1.tlog
C:\Users\Александр\documents\visual studio 2012\Projects\Блокнотик\Блокнотик\Debug\link.1868-rc.write.1.tlog
C:\Users\Александр\documents\visual studio 2012\Projects\Блокнотик\Блокнотик\Debug\link.1868.read.1.tlog
C:\Users\Александр\documents\visual studio 2012\Projects\Блокнотик\Блокнотик\Debug\link.1868.write.1.tlog
C:\Users\Александр\documents\visual studio 2012\Projects\Блокнотик\Блокнотик\Debug\link.1944-cvtres.read.1.tlog
C:\Users\Александр\documents\visual studio 2012\Projects\Блокнотик\Блокнотик\Debug\link.1944-cvtres.write.1.tlog
C:\Users\Александр\documents\visual studio 2012\Projects\Блокнотик\Блокнотик\Debug\link.1944-rc.read.1.tlog
C:\Users\Александр\documents\visual studio 2012\Projects\Блокнотик\Блокнотик\Debug\link.1944-rc.write.1.tlog
C:\Users\Александр\documents\visual studio 2012\Projects\Блокнотик\Блокнотик\Debug\link.1944.read.1.tlog
C:\Users\Александр\documents\visual studio 2012\Projects\Блокнотик\Блокнотик\Debug\link.1944.write.1.tlog
C:\Users\Александр\documents\visual studio 2012\Projects\Блокнотик\Блокнотик\Debug\link.2016-cvtres.read.1.tlog
C:\Users\Александр\documents\visual studio 2012\Projects\Блокнотик\Блокнотик\Debug\link.2016-cvtres.write.1.tlog
C:\Users\Александр\documents\visual studio 2012\Projects\Блокнотик\Блокнотик\Debug\link.2016-rc.read.1.tlog
C:\Users\Александр\documents\visual studio 2012\Projects\Блокнотик\Блокнотик\Debug\link.2016-rc.write.1.tlog
C:\Users\Александр\documents\visual studio 2012\Projects\Блокнотик\Блокнотик\Debug\link.2016.read.1.tlog
C:\Users\Александр\documents\visual studio 2012\Projects\Блокнотик\Блокнотик\Debug\link.2016.write.1.tlog
C:\Users\Александр\documents\visual studio 2012\Projects\Блокнотик\Блокнотик\Debug\link.2264-cvtres.read.1.tlog
C:\Users\Александр\documents\visual studio 2012\Projects\Блокнотик\Блокнотик\Debug\link.2264-cvtres.write.1.tlog
C:\Users\Александр\documents\visual studio 2012\Projects\Блокнотик\Блокнотик\Debug\link.2264-rc.read.1.tlog
C:\Users\Александр\documents\visual studio 2012\Projects\Блокнотик\Блокнотик\Debug\link.2264-rc.write.1.tlog
C:\Users\Александр\documents\visual studio 2012\Projects\Блокнотик\Блокнотик\Debug\link.2264.read.1.tlog
C:\Users\Александр\documents\visual studio 2012\Projects\Блокнотик\Блокнотик\Debug\link.2264.write.1.tlog
C:\Users\Александр\documents\visual studio 2012\Projects\Блокнотик\Блокнотик\Debug\link.2280-cvtres.read.1.tlog
C:\Users\Александр\documents\visual studio 2012\Projects\Блокнотик\Блокнотик\Debug\link.2280-cvtres.write.1.tlog
C:\Users\Александр\documents\visual studio 2012\Projects\Блокнотик\Блокнотик\Debug\link.2280-rc.read.1.tlog
C:\Users\Александр\documents\visual studio 2012\Projects\Блокнотик\Блокнотик\Debug\link.2280-rc.write.1.tlog
C:\Users\Александр\documents\visual studio 2012\Projects\Блокнотик\Блокнотик\Debug\link.2280.read.1.tlog
C:\Users\Александр\documents\visual studio 2012\Projects\Блокнотик\Блокнотик\Debug\link.2280.write.1.tlog
C:\Users\Александр\documents\visual studio 2012\Projects\Блокнотик\Блокнотик\Debug\link.2348-cvtres.read.1.tlog
C:\Users\Александр\documents\visual studio 2012\Projects\Блокнотик\Блокнотик\Debug\link.2348-cvtres.write.1.tlog
C:\Users\Александр\documents\visual studio 2012\Projects\Блокнотик\Блокнотик\Debug\link.2348-rc.read.1.tlog
C:\Users\Александр\documents\visual studio 2012\Projects\Блокнотик\Блокнотик\Debug\link.2348-rc.write.1.tlog
C:\Users\Александр\documents\visual studio 2012\Projects\Блокнотик\Блокнотик\Debug\link.2348.read.1.tlog
C:\Users\Александр\documents\visual studio 2012\Projects\Блокнотик\Блокнотик\Debug\link.2348.write.1.tlog
C:\Users\Александр\documents\visual studio 2012\Projects\Блокнотик\Блокнотик\Debug\link.2360-cvtres.read.1.tlog
C:\Users\Александр\documents\visual studio 2012\Projects\Блокнотик\Блокнотик\Debug\link.2360-cvtres.write.1.tlog
C:\Users\Александр\documents\visual studio 2012\Projects\Блокнотик\Блокнотик\Debug\link.2360-rc.read.1.tlog
C:\Users\Александр\documents\visual studio 2012\Projects\Блокнотик\Блокнотик\Debug\link.2360-rc.write.1.tlog
C:\Users\Александр\documents\visual studio 2012\Projects\Блокнотик\Блокнотик\Debug\link.2360.read.1.tlog
C:\Users\Александр\documents\visual studio 2012\Projects\Блокнотик\Блокнотик\Debug\link.2360.write.1.tlog
C:\Users\Александр\documents\visual studio 2012\Projects\Блокнотик\Блокнотик\Debug\link.2380-cvtres.read.1.tlog
C:\Users\Александр\documents\visual studio 2012\Projects\Блокнотик\Блокнотик\Debug\link.2380-cvtres.write.1.tlog
C:\Users\Александр\documents\visual studio 2012\Projects\Блокнотик\Блокнотик\Debug\link.2380-rc.read.1.tlog
C:\Users\Александр\documents\visual studio 2012\Projects\Блокнотик\Блокнотик\Debug\link.2380-rc.write.1.tlog
C:\Users\Александр\documents\visual studio 2012\Projects\Блокнотик\Блокнотик\Debug\link.2380.read.1.tlog
C:\Users\Александр\documents\visual studio 2012\Projects\Блокнотик\Блокнотик\Debug\link.2380.write.1.tlog
C:\Users\Александр\documents\visual studio 2012\Projects\Блокнотик\Блокнотик\Debug\link.2384-cvtres.read.1.tlog
C:\Users\Александр\documents\visual studio 2012\Projects\Блокнотик\Блокнотик\Debug\link.2384-cvtres.write.1.tlog
C:\Users\Александр\documents\visual studio 2012\Projects\Блокнотик\Блокнотик\Debug\link.2384-rc.read.1.tlog
C:\Users\Александр\documents\visual studio 2012\Projects\Блокнотик\Блокнотик\Debug\link.2384-rc.write.1.tlog
C:\Users\Александр\documents\visual studio 2012\Projects\Блокнотик\Блокнотик\Debug\link.2384.read.1.tlog
C:\Users\Александр\documents\visual studio 2012\Projects\Блокнотик\Блокнотик\Debug\link.2384.write.1.tlog
C:\Users\Александр\documents\visual studio 2012\Projects\Блокнотик\Блокнотик\Debug\link.2396-cvtres.read.1.tlog
C:\Users\Александр\documents\visual studio 2012\Projects\Блокнотик\Блокнотик\Debug\link.2396-cvtres.write.1.tlog
C:\Users\Александр\documents\visual studio 2012\Projects\Блокнотик\Блокнотик\Debug\link.2396-rc.read.1.tlog
C:\Users\Александр\documents\visual studio 2012\Projects\Блокнотик\Блокнотик\Debug\link.2396-rc.write.1.tlog
C:\Users\Александр\documents\visual studio 2012\Projects\Блокнотик\Блокнотик\Debug\link.2396.read.1.tlog
C:\Users\Александр\documents\visual studio 2012\Projects\Блокнотик\Блокнотик\Debug\link.2396.write.1.tlog
C:\Users\Александр\documents\visual studio 2012\Projects\Блокнотик\Блокнотик\Debug\link.2548-cvtres.read.1.tlog
C:\Users\Александр\documents\visual studio 2012\Projects\Блокнотик\Блокнотик\Debug\link.2548-cvtres.write.1.tlog
C:\Users\Александр\documents\visual studio 2012\Projects\Блокнотик\Блокнотик\Debug\link.2548-rc.read.1.tlog
C:\Users\Александр\documents\visual studio 2012\Projects\Блокнотик\Блокнотик\Debug\link.2548-rc.write.1.tlog
C:\Users\Александр\documents\visual studio 2012\Projects\Блокнотик\Блокнотик\Debug\link.2548.read.1.tlog
C:\Users\Александр\documents\visual studio 2012\Projects\Блокнотик\Блокнотик\Debug\link.2548.write.1.tlog
C:\Users\Александр\documents\visual studio 2012\Projects\Блокнотик\Блокнотик\Debug\link.2576-cvtres.read.1.tlog
C:\Users\Александр\documents\visual studio 2012\Projects\Блокнотик\Блокнотик\Debug\link.2576-cvtres.write.1.tlog
C:\Users\Александр\documents\visual studio 2012\Projects\Блокнотик\Блокнотик\Debug\link.2576-rc.read.1.tlog
C:\Users\Александр\documents\visual studio 2012\Projects\Блокнотик\Блокнотик\Debug\link.2576-rc.write.1.tlog
C:\Users\Александр\documents\visual studio 2012\Projects\Блокнотик\Блокнотик\Debug\link.2576.read.1.tlog
C:\Users\Александр\documents\visual studio 2012\Projects\Блокнотик\Блокнотик\Debug\link.2576.write.1.tlog
C:\Users\Александр\documents\visual studio 2012\Projects\Блокнотик\Блокнотик\Debug\link.2636-cvtres.read.1.tlog
C:\Users\Александр\documents\visual studio 2012\Projects\Блокнотик\Блокнотик\Debug\link.2636-cvtres.write.1.tlog
C:\Users\Александр\documents\visual studio 2012\Projects\Блокнотик\Блокнотик\Debug\link.2636-rc.read.1.tlog
C:\Users\Александр\documents\visual studio 2012\Projects\Блокнотик\Блокнотик\Debug\link.2636-rc.write.1.tlog
C:\Users\Александр\documents\visual studio 2012\Projects\Блокнотик\Блокнотик\Debug\link.2636.read.1.tlog
C:\Users\Александр\documents\visual studio 2012\Projects\Блокнотик\Блокнотик\Debug\link.2636.write.1.tlog
C:\Users\Александр\documents\visual studio 2012\Projects\Блокнотик\Блокнотик\Debug\link.2696-cvtres.read.1.tlog
C:\Users\Александр\documents\visual studio 2012\Projects\Блокнотик\Блокнотик\Debug\link.2696-cvtres.write.1.tlog
C:\Users\Александр\documents\visual studio 2012\Projects\Блокнотик\Блокнотик\Debug\link.2696-rc.read.1.tlog
C:\Users\Александр\documents\visual studio 2012\Projects\Блокнотик\Блокнотик\Debug\link.2696-rc.write.1.tlog
C:\Users\Александр\documents\visual studio 2012\Projects\Блокнотик\Блокнотик\Debug\link.2696.read.1.tlog
C:\Users\Александр\documents\visual studio 2012\Projects\Блокнотик\Блокнотик\Debug\link.2696.write.1.tlog
C:\Users\Александр\documents\visual studio 2012\Projects\Блокнотик\Блокнотик\Debug\link.2784-cvtres.read.1.tlog
C:\Users\Александр\documents\visual studio 2012\Projects\Блокнотик\Блокнотик\Debug\link.2784-cvtres.write.1.tlog
C:\Users\Александр\documents\visual studio 2012\Projects\Блокнотик\Блокнотик\Debug\link.2784-rc.read.1.tlog
C:\Users\Александр\documents\visual studio 2012\Projects\Блокнотик\Блокнотик\Debug\link.2784-rc.write.1.tlog
C:\Users\Александр\documents\visual studio 2012\Projects\Блокнотик\Блокнотик\Debug\link.2784.read.1.tlog
C:\Users\Александр\documents\visual studio 2012\Projects\Блокнотик\Блокнотик\Debug\link.2784.write.1.tlog
C:\Users\Александр\documents\visual studio 2012\Projects\Блокнотик\Блокнотик\Debug\link.2816-cvtres.read.1.tlog
C:\Users\Александр\documents\visual studio 2012\Projects\Блокнотик\Блокнотик\Debug\link.2816-cvtres.write.1.tlog
C:\Users\Александр\documents\visual studio 2012\Projects\Блокнотик\Блокнотик\Debug\link.2816-rc.read.1.tlog
C:\Users\Александр\documents\visual studio 2012\Projects\Блокнотик\Блокнотик\Debug\link.2816-rc.write.1.tlog
C:\Users\Александр\documents\visual studio 2012\Projects\Блокнотик\Блокнотик\Debug\link.2816.read.1.tlog
C:\Users\Александр\documents\visual studio 2012\Projects\Блокнотик\Блокнотик\Debug\link.2816.write.1.tlog
C:\Users\Александр\documents\visual studio 2012\Projects\Блокнотик\Блокнотик\Debug\link.2856-cvtres.read.1.tlog
C:\Users\Александр\documents\visual studio 2012\Projects\Блокнотик\Блокнотик\Debug\link.2856-cvtres.write.1.tlog
C:\Users\Александр\documents\visual studio 2012\Projects\Блокнотик\Блокнотик\Debug\link.2856-rc.read.1.tlog
C:\Users\Александр\documents\visual studio 2012\Projects\Блокнотик\Блокнотик\Debug\link.2856-rc.write.1.tlog
C:\Users\Александр\documents\visual studio 2012\Projects\Блокнотик\Блокнотик\Debug\link.2856.read.1.tlog
C:\Users\Александр\documents\visual studio 2012\Projects\Блокнотик\Блокнотик\Debug\link.2856.write.1.tlog
C:\Users\Александр\documents\visual studio 2012\Projects\Блокнотик\Блокнотик\Debug\link.2876-cvtres.read.1.tlog
C:\Users\Александр\documents\visual studio 2012\Projects\Блокнотик\Блокнотик\Debug\link.2876-cvtres.write.1.tlog
C:\Users\Александр\documents\visual studio 2012\Projects\Блокнотик\Блокнотик\Debug\link.2876-rc.read.1.tlog
C:\Users\Александр\documents\visual studio 2012\Projects\Блокнотик\Блокнотик\Debug\link.2876-rc.write.1.tlog
C:\Users\Александр\documents\visual studio 2012\Projects\Блокнотик\Блокнотик\Debug\link.2876.read.1.tlog
C:\Users\Александр\documents\visual studio 2012\Projects\Блокнотик\Блокнотик\Debug\link.2876.write.1.tlog
C:\Users\Александр\documents\visual studio 2012\Projects\Блокнотик\Блокнотик\Debug\link.2976-cvtres.read.1.tlog
C:\Users\Александр\documents\visual studio 2012\Projects\Блокнотик\Блокнотик\Debug\link.2976-cvtres.write.1.tlog
C:\Users\Александр\documents\visual studio 2012\Projects\Блокнотик\Блокнотик\Debug\link.2976-rc.read.1.tlog
C:\Users\Александр\documents\visual studio 2012\Projects\Блокнотик\Блокнотик\Debug\link.2976-rc.write.1.tlog
C:\Users\Александр\documents\visual studio 2012\Projects\Блокнотик\Блокнотик\Debug\link.2976.read.1.tlog
C:\Users\Александр\documents\visual studio 2012\Projects\Блокнотик\Блокнотик\Debug\link.2976.write.1.tlog
C:\Users\Александр\documents\visual studio 2012\Projects\Блокнотик\Блокнотик\Debug\link.3016-cvtres.read.1.tlog
C:\Users\Александр\documents\visual studio 2012\Projects\Блокнотик\Блокнотик\Debug\link.3016-cvtres.write.1.tlog
C:\Users\Александр\documents\visual studio 2012\Projects\Блокнотик\Блокнотик\Debug\link.3016-rc.read.1.tlog
C:\Users\Александр\documents\visual studio 2012\Projects\Блокнотик\Блокнотик\Debug\link.3016-rc.write.1.tlog
C:\Users\Александр\documents\visual studio 2012\Projects\Блокнотик\Блокнотик\Debug\link.3016.read.1.tlog
C:\Users\Александр\documents\visual studio 2012\Projects\Блокнотик\Блокнотик\Debug\link.3016.write.1.tlog
C:\Users\Александр\documents\visual studio 2012\Projects\Блокнотик\Блокнотик\Debug\link.3028-cvtres.read.1.tlog
C:\Users\Александр\documents\visual studio 2012\Projects\Блокнотик\Блокнотик\Debug\link.3028-cvtres.write.1.tlog
C:\Users\Александр\documents\visual studio 2012\Projects\Блокнотик\Блокнотик\Debug\link.3028-rc.read.1.tlog
C:\Users\Александр\documents\visual studio 2012\Projects\Блокнотик\Блокнотик\Debug\link.3028-rc.write.1.tlog
C:\Users\Александр\documents\visual studio 2012\Projects\Блокнотик\Блокнотик\Debug\link.3028.read.1.tlog
C:\Users\Александр\documents\visual studio 2012\Projects\Блокнотик\Блокнотик\Debug\link.3028.write.1.tlog
C:\Users\Александр\documents\visual studio 2012\Projects\Блокнотик\Блокнотик\Debug\link.3088-cvtres.read.1.tlog
C:\Users\Александр\documents\visual studio 2012\Projects\Блокнотик\Блокнотик\Debug\link.3088-cvtres.write.1.tlog
C:\Users\Александр\documents\visual studio 2012\Projects\Блокнотик\Блокнотик\Debug\link.3088-rc.read.1.tlog
C:\Users\Александр\documents\visual studio 2012\Projects\Блокнотик\Блокнотик\Debug\link.3088-rc.write.1.tlog
C:\Users\Александр\documents\visual studio 2012\Projects\Блокнотик\Блокнотик\Debug\link.3088.read.1.tlog
C:\Users\Александр\documents\visual studio 2012\Projects\Блокнотик\Блокнотик\Debug\link.3088.write.1.tlog
C:\Users\Александр\documents\visual studio 2012\Projects\Блокнотик\Блокнотик\Debug\link.3124-cvtres.read.1.tlog
C:\Users\Александр\documents\visual studio 2012\Projects\Блокнотик\Блокнотик\Debug\link.3124-cvtres.write.1.tlog
C:\Users\Александр\documents\visual studio 2012\Projects\Блокнотик\Блокнотик\Debug\link.3124-rc.read.1.tlog
C:\Users\Александр\documents\visual studio 2012\Projects\Блокнотик\Блокнотик\Debug\link.3124-rc.write.1.tlog
C:\Users\Александр\documents\visual studio 2012\Projects\Блокнотик\Блокнотик\Debug\link.3124.read.1.tlog
C:\Users\Александр\documents\visual studio 2012\Projects\Блокнотик\Блокнотик\Debug\link.3124.write.1.tlog
C:\Users\Александр\documents\visual studio 2012\Projects\Блокнотик\Блокнотик\Debug\link.3140-cvtres.read.1.tlog
C:\Users\Александр\documents\visual studio 2012\Projects\Блокнотик\Блокнотик\Debug\link.3140-cvtres.write.1.tlog
C:\Users\Александр\documents\visual studio 2012\Projects\Блокнотик\Блокнотик\Debug\link.3140-rc.read.1.tlog
C:\Users\Александр\documents\visual studio 2012\Projects\Блокнотик\Блокнотик\Debug\link.3140-rc.write.1.tlog
C:\Users\Александр\documents\visual studio 2012\Projects\Блокнотик\Блокнотик\Debug\link.3140.read.1.tlog
C:\Users\Александр\documents\visual studio 2012\Projects\Блокнотик\Блокнотик\Debug\link.3140.write.1.tlog
C:\Users\Александр\documents\visual studio 2012\Projects\Блокнотик\Блокнотик\Debug\link.3144-cvtres.read.1.tlog
C:\Users\Александр\documents\visual studio 2012\Projects\Блокнотик\Блокнотик\Debug\link.3144-cvtres.write.1.tlog
C:\Users\Александр\documents\visual studio 2012\Projects\Блокнотик\Блокнотик\Debug\link.3144-rc.read.1.tlog
C:\Users\Александр\documents\visual studio 2012\Projects\Блокнотик\Блокнотик\Debug\link.3144-rc.write.1.tlog
C:\Users\Александр\documents\visual studio 2012\Projects\Блокнотик\Блокнотик\Debug\link.3144.read.1.tlog
C:\Users\Александр\documents\visual studio 2012\Projects\Блокнотик\Блокнотик\Debug\link.3144.write.1.tlog
C:\Users\Александр\documents\visual studio 2012\Projects\Блокнотик\Блокнотик\Debug\link.3212-cvtres.read.1.tlog
C:\Users\Александр\documents\visual studio 2012\Projects\Блокнотик\Блокнотик\Debug\link.3212-cvtres.write.1.tlog
C:\Users\Александр\documents\visual studio 2012\Projects\Блокнотик\Блокнотик\Debug\link.3212-rc.read.1.tlog
C:\Users\Александр\documents\visual studio 2012\Projects\Блокнотик\Блокнотик\Debug\link.3212-rc.write.1.tlog
C:\Users\Александр\documents\visual studio 2012\Projects\Блокнотик\Блокнотик\Debug\link.3212.read.1.tlog
C:\Users\Александр\documents\visual studio 2012\Projects\Блокнотик\Блокнотик\Debug\link.3212.write.1.tlog
C:\Users\Александр\documents\visual studio 2012\Projects\Блокнотик\Блокнотик\Debug\link.3220-cvtres.read.1.tlog
C:\Users\Александр\documents\visual studio 2012\Projects\Блокнотик\Блокнотик\Debug\link.3220-cvtres.write.1.tlog
C:\Users\Александр\documents\visual studio 2012\Projects\Блокнотик\Блокнотик\Debug\link.3220-rc.read.1.tlog
C:\Users\Александр\documents\visual studio 2012\Projects\Блокнотик\Блокнотик\Debug\link.3220-rc.write.1.tlog
C:\Users\Александр\documents\visual studio 2012\Projects\Блокнотик\Блокнотик\Debug\link.3220.read.1.tlog
C:\Users\Александр\documents\visual studio 2012\Projects\Блокнотик\Блокнотик\Debug\link.3220.write.1.tlog
C:\Users\Александр\documents\visual studio 2012\Projects\Блокнотик\Блокнотик\Debug\link.3224-cvtres.read.1.tlog
C:\Users\Александр\documents\visual studio 2012\Projects\Блокнотик\Блокнотик\Debug\link.3224-cvtres.write.1.tlog
C:\Users\Александр\documents\visual studio 2012\Projects\Блокнотик\Блокнотик\Debug\link.3224-rc.read.1.tlog
C:\Users\Александр\documents\visual studio 2012\Projects\Блокнотик\Блокнотик\Debug\link.3224-rc.write.1.tlog
C:\Users\Александр\documents\visual studio 2012\Projects\Блокнотик\Блокнотик\Debug\link.3224.read.1.tlog
C:\Users\Александр\documents\visual studio 2012\Projects\Блокнотик\Блокнотик\Debug\link.3224.write.1.tlog
C:\Users\Александр\documents\visual studio 2012\Projects\Блокнотик\Блокнотик\Debug\link.3320-cvtres.read.1.tlog
C:\Users\Александр\documents\visual studio 2012\Projects\Блокнотик\Блокнотик\Debug\link.3320-cvtres.write.1.tlog
C:\Users\Александр\documents\visual studio 2012\Projects\Блокнотик\Блокнотик\Debug\link.3320-rc.read.1.tlog
C:\Users\Александр\documents\visual studio 2012\Projects\Блокнотик\Блокнотик\Debug\link.3320-rc.write.1.tlog
C:\Users\Александр\documents\visual studio 2012\Projects\Блокнотик\Блокнотик\Debug\link.3320.read.1.tlog
C:\Users\Александр\documents\visual studio 2012\Projects\Блокнотик\Блокнотик\Debug\link.3320.write.1.tlog
C:\Users\Александр\documents\visual studio 2012\Projects\Блокнотик\Блокнотик\Debug\link.3348-cvtres.read.1.tlog
C:\Users\Александр\documents\visual studio 2012\Projects\Блокнотик\Блокнотик\Debug\link.3348-cvtres.write.1.tlog
C:\Users\Александр\documents\visual studio 2012\Projects\Блокнотик\Блокнотик\Debug\link.3348-rc.read.1.tlog
C:\Users\Александр\documents\visual studio 2012\Projects\Блокнотик\Блокнотик\Debug\link.3348-rc.write.1.tlog
C:\Users\Александр\documents\visual studio 2012\Projects\Блокнотик\Блокнотик\Debug\link.3348.read.1.tlog
C:\Users\Александр\documents\visual studio 2012\Projects\Блокнотик\Блокнотик\Debug\link.3348.write.1.tlog
C:\Users\Александр\documents\visual studio 2012\Projects\Блокнотик\Блокнотик\Debug\link.3372-cvtres.read.1.tlog
C:\Users\Александр\documents\visual studio 2012\Projects\Блокнотик\Блокнотик\Debug\link.3372-cvtres.write.1.tlog
C:\Users\Александр\documents\visual studio 2012\Projects\Блокнотик\Блокнотик\Debug\link.3372-rc.read.1.tlog
C:\Users\Александр\documents\visual studio 2012\Projects\Блокнотик\Блокнотик\Debug\link.3372-rc.write.1.tlog
C:\Users\Александр\documents\visual studio 2012\Projects\Блокнотик\Блокнотик\Debug\link.3372.read.1.tlog
C:\Users\Александр\documents\visual studio 2012\Projects\Блокнотик\Блокнотик\Debug\link.3372.write.1.tlog
C:\Users\Александр\documents\visual studio 2012\Projects\Блокнотик\Блокнотик\Debug\link.3380-cvtres.read.1.tlog
C:\Users\Александр\documents\visual studio 2012\Projects\Блокнотик\Блокнотик\Debug\link.3380-cvtres.write.1.tlog
C:\Users\Александр\documents\visual studio 2012\Projects\Блокнотик\Блокнотик\Debug\link.3380-rc.read.1.tlog
C:\Users\Александр\documents\visual studio 2012\Projects\Блокнотик\Блокнотик\Debug\link.3380-rc.write.1.tlog
C:\Users\Александр\documents\visual studio 2012\Projects\Блокнотик\Блокнотик\Debug\link.3380.read.1.tlog
C:\Users\Александр\documents\visual studio 2012\Projects\Блокнотик\Блокнотик\Debug\link.3380.write.1.tlog
C:\Users\Александр\documents\visual studio 2012\Projects\Блокнотик\Блокнотик\Debug\link.3384-cvtres.read.1.tlog
C:\Users\Александр\documents\visual studio 2012\Projects\Блокнотик\Блокнотик\Debug\link.3384-cvtres.write.1.tlog
C:\Users\Александр\documents\visual studio 2012\Projects\Блокнотик\Блокнотик\Debug\link.3384-rc.read.1.tlog
C:\Users\Александр\documents\visual studio 2012\Projects\Блокнотик\Блокнотик\Debug\link.3384-rc.write.1.tlog
C:\Users\Александр\documents\visual studio 2012\Projects\Блокнотик\Блокнотик\Debug\link.3384.read.1.tlog
C:\Users\Александр\documents\visual studio 2012\Projects\Блокнотик\Блокнотик\Debug\link.3384.write.1.tlog
C:\Users\Александр\documents\visual studio 2012\Projects\Блокнотик\Блокнотик\Debug\link.3412-cvtres.read.1.tlog
C:\Users\Александр\documents\visual studio 2012\Projects\Блокнотик\Блокнотик\Debug\link.3412-cvtres.write.1.tlog
C:\Users\Александр\documents\visual studio 2012\Projects\Блокнотик\Блокнотик\Debug\link.3412-rc.read.1.tlog
C:\Users\Александр\documents\visual studio 2012\Projects\Блокнотик\Блокнотик\Debug\link.3412-rc.write.1.tlog
C:\Users\Александр\documents\visual studio 2012\Projects\Блокнотик\Блокнотик\Debug\link.3412.read.1.tlog
C:\Users\Александр\documents\visual studio 2012\Projects\Блокнотик\Блокнотик\Debug\link.3412.write.1.tlog
C:\Users\Александр\documents\visual studio 2012\Projects\Блокнотик\Блокнотик\Debug\link.3472-cvtres.read.1.tlog
C:\Users\Александр\documents\visual studio 2012\Projects\Блокнотик\Блокнотик\Debug\link.3472-cvtres.write.1.tlog
C:\Users\Александр\documents\visual studio 2012\Projects\Блокнотик\Блокнотик\Debug\link.3472-rc.read.1.tlog
C:\Users\Александр\documents\visual studio 2012\Projects\Блокнотик\Блокнотик\Debug\link.3472-rc.write.1.tlog
C:\Users\Александр\documents\visual studio 2012\Projects\Блокнотик\Блокнотик\Debug\link.3472.read.1.tlog
C:\Users\Александр\documents\visual studio 2012\Projects\Блокнотик\Блокнотик\Debug\link.3472.write.1.tlog
C:\Users\Александр\documents\visual studio 2012\Projects\Блокнотик\Блокнотик\Debug\link.3484-cvtres.read.1.tlog
C:\Users\Александр\documents\visual studio 2012\Projects\Блокнотик\Блокнотик\Debug\link.3484-cvtres.write.1.tlog
C:\Users\Александр\documents\visual studio 2012\Projects\Блокнотик\Блокнотик\Debug\link.3484-rc.read.1.tlog
C:\Users\Александр\documents\visual studio 2012\Projects\Блокнотик\Блокнотик\Debug\link.3484-rc.write.1.tlog
C:\Users\Александр\documents\visual studio 2012\Projects\Блокнотик\Блокнотик\Debug\link.3484.read.1.tlog
C:\Users\Александр\documents\visual studio 2012\Projects\Блокнотик\Блокнотик\Debug\link.3484.write.1.tlog
C:\Users\Александр\documents\visual studio 2012\Projects\Блокнотик\Блокнотик\Debug\link.3500-cvtres.read.1.tlog
C:\Users\Александр\documents\visual studio 2012\Projects\Блокнотик\Блокнотик\Debug\link.3500-cvtres.write.1.tlog
C:\Users\Александр\documents\visual studio 2012\Projects\Блокнотик\Блокнотик\Debug\link.3500-rc.read.1.tlog
C:\Users\Александр\documents\visual studio 2012\Projects\Блокнотик\Блокнотик\Debug\link.3500-rc.write.1.tlog
C:\Users\Александр\documents\visual studio 2012\Projects\Блокнотик\Блокнотик\Debug\link.3500.read.1.tlog
C:\Users\Александр\documents\visual studio 2012\Projects\Блокнотик\Блокнотик\Debug\link.3500.write.1.tlog
C:\Users\Александр\documents\visual studio 2012\Projects\Блокнотик\Блокнотик\Debug\link.3524-cvtres.read.1.tlog
C:\Users\Александр\documents\visual studio 2012\Projects\Блокнотик\Блокнотик\Debug\link.3524-cvtres.write.1.tlog
C:\Users\Александр\documents\visual studio 2012\Projects\Блокнотик\Блокнотик\Debug\link.3524-rc.read.1.tlog
C:\Users\Александр\documents\visual studio 2012\Projects\Блокнотик\Блокнотик\Debug\link.3524-rc.write.1.tlog
C:\Users\Александр\documents\visual studio 2012\Projects\Блокнотик\Блокнотик\Debug\link.3524.read.1.tlog
C:\Users\Александр\documents\visual studio 2012\Projects\Блокнотик\Блокнотик\Debug\link.3524.write.1.tlog
C:\Users\Александр\documents\visual studio 2012\Projects\Блокнотик\Блокнотик\Debug\link.3544-cvtres.read.1.tlog
C:\Users\Александр\documents\visual studio 2012\Projects\Блокнотик\Блокнотик\Debug\link.3544-cvtres.write.1.tlog
C:\Users\Александр\documents\visual studio 2012\Projects\Блокнотик\Блокнотик\Debug\link.3544-rc.read.1.tlog
C:\Users\Александр\documents\visual studio 2012\Projects\Блокнотик\Блокнотик\Debug\link.3544-rc.write.1.tlog
C:\Users\Александр\documents\visual studio 2012\Projects\Блокнотик\Блокнотик\Debug\link.3544.read.1.tlog
C:\Users\Александр\documents\visual studio 2012\Projects\Блокнотик\Блокнотик\Debug\link.3544.write.1.tlog
C:\Users\Александр\documents\visual studio 2012\Projects\Блокнотик\Блокнотик\Debug\link.3680-cvtres.read.1.tlog
C:\Users\Александр\documents\visual studio 2012\Projects\Блокнотик\Блокнотик\Debug\link.3680-cvtres.write.1.tlog
C:\Users\Александр\documents\visual studio 2012\Projects\Блокнотик\Блокнотик\Debug\link.3680-rc.read.1.tlog
C:\Users\Александр\documents\visual studio 2012\Projects\Блокнотик\Блокнотик\Debug\link.3680-rc.write.1.tlog
C:\Users\Александр\documents\visual studio 2012\Projects\Блокнотик\Блокнотик\Debug\link.3680.read.1.tlog
C:\Users\Александр\documents\visual studio 2012\Projects\Блокнотик\Блокнотик\Debug\link.3680.write.1.tlog
C:\Users\Александр\documents\visual studio 2012\Projects\Блокнотик\Блокнотик\Debug\link.3884-cvtres.read.1.tlog
C:\Users\Александр\documents\visual studio 2012\Projects\Блокнотик\Блокнотик\Debug\link.3884-cvtres.write.1.tlog
C:\Users\Александр\documents\visual studio 2012\Projects\Блокнотик\Блокнотик\Debug\link.3884-rc.read.1.tlog
C:\Users\Александр\documents\visual studio 2012\Projects\Блокнотик\Блокнотик\Debug\link.3884-rc.write.1.tlog
C:\Users\Александр\documents\visual studio 2012\Projects\Блокнотик\Блокнотик\Debug\link.3884.read.1.tlog
C:\Users\Александр\documents\visual studio 2012\Projects\Блокнотик\Блокнотик\Debug\link.3884.write.1.tlog
C:\Users\Александр\documents\visual studio 2012\Projects\Блокнотик\Блокнотик\Debug\link.3896-cvtres.read.1.tlog
C:\Users\Александр\documents\visual studio 2012\Projects\Блокнотик\Блокнотик\Debug\link.3896-cvtres.write.1.tlog
C:\Users\Александр\documents\visual studio 2012\Projects\Блокнотик\Блокнотик\Debug\link.3896-rc.read.1.tlog
C:\Users\Александр\documents\visual studio 2012\Projects\Блокнотик\Блокнотик\Debug\link.3896-rc.write.1.tlog
C:\Users\Александр\documents\visual studio 2012\Projects\Блокнотик\Блокнотик\Debug\link.3896.read.1.tlog
C:\Users\Александр\documents\visual studio 2012\Projects\Блокнотик\Блокнотик\Debug\link.3896.write.1.tlog
C:\Users\Александр\documents\visual studio 2012\Projects\Блокнотик\Блокнотик\Debug\link.3940-cvtres.read.1.tlog
C:\Users\Александр\documents\visual studio 2012\Projects\Блокнотик\Блокнотик\Debug\link.3940-cvtres.write.1.tlog
C:\Users\Александр\documents\visual studio 2012\Projects\Блокнотик\Блокнотик\Debug\link.3940-rc.read.1.tlog
C:\Users\Александр\documents\visual studio 2012\Projects\Блокнотик\Блокнотик\Debug\link.3940-rc.write.1.tlog
C:\Users\Александр\documents\visual studio 2012\Projects\Блокнотик\Блокнотик\Debug\link.3940.read.1.tlog
C:\Users\Александр\documents\visual studio 2012\Projects\Блокнотик\Блокнотик\Debug\link.3940.write.1.tlog
C:\Users\Александр\documents\visual studio 2012\Projects\Блокнотик\Блокнотик\Debug\link.3952-cvtres.read.1.tlog
C:\Users\Александр\documents\visual studio 2012\Projects\Блокнотик\Блокнотик\Debug\link.3952-cvtres.write.1.tlog
C:\Users\Александр\documents\visual studio 2012\Projects\Блокнотик\Блокнотик\Debug\link.3952-rc.read.1.tlog
C:\Users\Александр\documents\visual studio 2012\Projects\Блокнотик\Блокнотик\Debug\link.3952-rc.write.1.tlog
C:\Users\Александр\documents\visual studio 2012\Projects\Блокнотик\Блокнотик\Debug\link.3952.read.1.tlog
C:\Users\Александр\documents\visual studio 2012\Projects\Блокнотик\Блокнотик\Debug\link.3952.write.1.tlog
C:\Users\Александр\documents\visual studio 2012\Projects\Блокнотик\Блокнотик\Debug\link.3956-cvtres.read.1.tlog
C:\Users\Александр\documents\visual studio 2012\Projects\Блокнотик\Блокнотик\Debug\link.3956-cvtres.write.1.tlog
C:\Users\Александр\documents\visual studio 2012\Projects\Блокнотик\Блокнотик\Debug\link.3956-rc.read.1.tlog
C:\Users\Александр\documents\visual studio 2012\Projects\Блокнотик\Блокнотик\Debug\link.3956-rc.write.1.tlog
C:\Users\Александр\documents\visual studio 2012\Projects\Блокнотик\Блокнотик\Debug\link.3956.read.1.tlog
C:\Users\Александр\documents\visual studio 2012\Projects\Блокнотик\Блокнотик\Debug\link.3956.write.1.tlog
C:\Users\Александр\documents\visual studio 2012\Projects\Блокнотик\Блокнотик\Debug\link.3964-cvtres.read.1.tlog
C:\Users\Александр\documents\visual studio 2012\Projects\Блокнотик\Блокнотик\Debug\link.3964-cvtres.write.1.tlog
C:\Users\Александр\documents\visual studio 2012\Projects\Блокнотик\Блокнотик\Debug\link.3964-rc.read.1.tlog
C:\Users\Александр\documents\visual studio 2012\Projects\Блокнотик\Блокнотик\Debug\link.3964-rc.write.1.tlog
C:\Users\Александр\documents\visual studio 2012\Projects\Блокнотик\Блокнотик\Debug\link.3964.read.1.tlog
C:\Users\Александр\documents\visual studio 2012\Projects\Блокнотик\Блокнотик\Debug\link.3964.write.1.tlog
C:\Users\Александр\documents\visual studio 2012\Projects\Блокнотик\Блокнотик\Debug\link.3972-cvtres.read.1.tlog
C:\Users\Александр\documents\visual studio 2012\Projects\Блокнотик\Блокнотик\Debug\link.3972-cvtres.write.1.tlog
C:\Users\Александр\documents\visual studio 2012\Projects\Блокнотик\Блокнотик\Debug\link.3972-rc.read.1.tlog
C:\Users\Александр\documents\visual studio 2012\Projects\Блокнотик\Блокнотик\Debug\link.3972-rc.write.1.tlog
C:\Users\Александр\documents\visual studio 2012\Projects\Блокнотик\Блокнотик\Debug\link.3972.read.1.tlog
C:\Users\Александр\documents\visual studio 2012\Projects\Блокнотик\Блокнотик\Debug\link.3972.write.1.tlog
C:\Users\Александр\documents\visual studio 2012\Projects\Блокнотик\Блокнотик\Debug\link.4008-cvtres.read.1.tlog
C:\Users\Александр\documents\visual studio 2012\Projects\Блокнотик\Блокнотик\Debug\link.4008-cvtres.write.1.tlog
C:\Users\Александр\documents\visual studio 2012\Projects\Блокнотик\Блокнотик\Debug\link.4008-rc.read.1.tlog
C:\Users\Александр\documents\visual studio 2012\Projects\Блокнотик\Блокнотик\Debug\link.4008-rc.write.1.tlog
C:\Users\Александр\documents\visual studio 2012\Projects\Блокнотик\Блокнотик\Debug\link.4008.read.1.tlog
C:\Users\Александр\documents\visual studio 2012\Projects\Блокнотик\Блокнотик\Debug\link.4008.write.1.tlog
C:\Users\Александр\documents\visual studio 2012\Projects\Блокнотик\Блокнотик\Debug\link.4068-cvtres.read.1.tlog
C:\Users\Александр\documents\visual studio 2012\Projects\Блокнотик\Блокнотик\Debug\link.4068-cvtres.write.1.tlog
C:\Users\Александр\documents\visual studio 2012\Projects\Блокнотик\Блокнотик\Debug\link.4068-rc.read.1.tlog
C:\Users\Александр\documents\visual studio 2012\Projects\Блокнотик\Блокнотик\Debug\link.4068-rc.write.1.tlog
C:\Users\Александр\documents\visual studio 2012\Projects\Блокнотик\Блокнотик\Debug\link.4068.read.1.tlog
C:\Users\Александр\documents\visual studio 2012\Projects\Блокнотик\Блокнотик\Debug\link.4068.write.1.tlog
C:\Users\Александр\documents\visual studio 2012\Projects\Блокнотик\Блокнотик\Debug\link.4124-cvtres.read.1.tlog
C:\Users\Александр\documents\visual studio 2012\Projects\Блокнотик\Блокнотик\Debug\link.4124-cvtres.write.1.tlog
C:\Users\Александр\documents\visual studio 2012\Projects\Блокнотик\Блокнотик\Debug\link.4124-rc.read.1.tlog
C:\Users\Александр\documents\visual studio 2012\Projects\Блокнотик\Блокнотик\Debug\link.4124-rc.write.1.tlog
C:\Users\Александр\documents\visual studio 2012\Projects\Блокнотик\Блокнотик\Debug\link.4124.read.1.tlog
C:\Users\Александр\documents\visual studio 2012\Projects\Блокнотик\Блокнотик\Debug\link.4124.write.1.tlog
C:\Users\Александр\documents\visual studio 2012\Projects\Блокнотик\Блокнотик\Debug\link.4160-cvtres.read.1.tlog
C:\Users\Александр\documents\visual studio 2012\Projects\Блокнотик\Блокнотик\Debug\link.4160-cvtres.write.1.tlog
C:\Users\Александр\documents\visual studio 2012\Projects\Блокнотик\Блокнотик\Debug\link.4160-rc.read.1.tlog
C:\Users\Александр\documents\visual studio 2012\Projects\Блокнотик\Блокнотик\Debug\link.4160-rc.write.1.tlog
C:\Users\Александр\documents\visual studio 2012\Projects\Блокнотик\Блокнотик\Debug\link.4160.read.1.tlog
C:\Users\Александр\documents\visual studio 2012\Projects\Блокнотик\Блокнотик\Debug\link.4160.write.1.tlog
C:\Users\Александр\documents\visual studio 2012\Projects\Блокнотик\Блокнотик\Debug\link.4184-cvtres.read.1.tlog
C:\Users\Александр\documents\visual studio 2012\Projects\Блокнотик\Блокнотик\Debug\link.4184-cvtres.write.1.tlog
C:\Users\Александр\documents\visual studio 2012\Projects\Блокнотик\Блокнотик\Debug\link.4184-rc.read.1.tlog
C:\Users\Александр\documents\visual studio 2012\Projects\Блокнотик\Блокнотик\Debug\link.4184-rc.write.1.tlog
C:\Users\Александр\documents\visual studio 2012\Projects\Блокнотик\Блокнотик\Debug\link.4184.read.1.tlog
C:\Users\Александр\documents\visual studio 2012\Projects\Блокнотик\Блокнотик\Debug\link.4184.write.1.tlog
C:\Users\Александр\documents\visual studio 2012\Projects\Блокнотик\Блокнотик\Debug\link.4212-cvtres.read.1.tlog
C:\Users\Александр\documents\visual studio 2012\Projects\Блокнотик\Блокнотик\Debug\link.4212-cvtres.write.1.tlog
C:\Users\Александр\documents\visual studio 2012\Projects\Блокнотик\Блокнотик\Debug\link.4212-rc.read.1.tlog
C:\Users\Александр\documents\visual studio 2012\Projects\Блокнотик\Блокнотик\Debug\link.4212-rc.write.1.tlog
C:\Users\Александр\documents\visual studio 2012\Projects\Блокнотик\Блокнотик\Debug\link.4212.read.1.tlog
C:\Users\Александр\documents\visual studio 2012\Projects\Блокнотик\Блокнотик\Debug\link.4212.write.1.tlog
C:\Users\Александр\documents\visual studio 2012\Projects\Блокнотик\Блокнотик\Debug\link.4236-cvtres.read.1.tlog
C:\Users\Александр\documents\visual studio 2012\Projects\Блокнотик\Блокнотик\Debug\link.4236-cvtres.write.1.tlog
C:\Users\Александр\documents\visual studio 2012\Projects\Блокнотик\Блокнотик\Debug\link.4236-rc.read.1.tlog
C:\Users\Александр\documents\visual studio 2012\Projects\Блокнотик\Блокнотик\Debug\link.4236-rc.write.1.tlog
C:\Users\Александр\documents\visual studio 2012\Projects\Блокнотик\Блокнотик\Debug\link.4236.read.1.tlog
C:\Users\Александр\documents\visual studio 2012\Projects\Блокнотик\Блокнотик\Debug\link.4236.write.1.tlog
C:\Users\Александр\documents\visual studio 2012\Projects\Блокнотик\Блокнотик\Debug\link.4256-cvtres.read.1.tlog
C:\Users\Александр\documents\visual studio 2012\Projects\Блокнотик\Блокнотик\Debug\link.4256-cvtres.write.1.tlog
C:\Users\Александр\documents\visual studio 2012\Projects\Блокнотик\Блокнотик\Debug\link.4256-rc.read.1.tlog
C:\Users\Александр\documents\visual studio 2012\Projects\Блокнотик\Блокнотик\Debug\link.4256-rc.write.1.tlog
C:\Users\Александр\documents\visual studio 2012\Projects\Блокнотик\Блокнотик\Debug\link.4256.read.1.tlog
C:\Users\Александр\documents\visual studio 2012\Projects\Блокнотик\Блокнотик\Debug\link.4256.write.1.tlog
C:\Users\Александр\documents\visual studio 2012\Projects\Блокнотик\Блокнотик\Debug\link.4324-cvtres.read.1.tlog
C:\Users\Александр\documents\visual studio 2012\Projects\Блокнотик\Блокнотик\Debug\link.4324-cvtres.write.1.tlog
C:\Users\Александр\documents\visual studio 2012\Projects\Блокнотик\Блокнотик\Debug\link.4324-rc.read.1.tlog
C:\Users\Александр\documents\visual studio 2012\Projects\Блокнотик\Блокнотик\Debug\link.4324-rc.write.1.tlog
C:\Users\Александр\documents\visual studio 2012\Projects\Блокнотик\Блокнотик\Debug\link.4324.read.1.tlog
C:\Users\Александр\documents\visual studio 2012\Projects\Блокнотик\Блокнотик\Debug\link.4324.write.1.tlog
C:\Users\Александр\documents\visual studio 2012\Projects\Блокнотик\Блокнотик\Debug\link.4356-cvtres.read.1.tlog
C:\Users\Александр\documents\visual studio 2012\Projects\Блокнотик\Блокнотик\Debug\link.4356-cvtres.write.1.tlog
C:\Users\Александр\documents\visual studio 2012\Projects\Блокнотик\Блокнотик\Debug\link.4356-rc.read.1.tlog
C:\Users\Александр\documents\visual studio 2012\Projects\Блокнотик\Блокнотик\Debug\link.4356-rc.write.1.tlog
C:\Users\Александр\documents\visual studio 2012\Projects\Блокнотик\Блокнотик\Debug\link.4356.read.1.tlog
C:\Users\Александр\documents\visual studio 2012\Projects\Блокнотик\Блокнотик\Debug\link.4356.write.1.tlog
C:\Users\Александр\documents\visual studio 2012\Projects\Блокнотик\Блокнотик\Debug\link.4360-cvtres.read.1.tlog
C:\Users\Александр\documents\visual studio 2012\Projects\Блокнотик\Блокнотик\Debug\link.4360-cvtres.write.1.tlog
C:\Users\Александр\documents\visual studio 2012\Projects\Блокнотик\Блокнотик\Debug\link.4360-rc.read.1.tlog
C:\Users\Александр\documents\visual studio 2012\Projects\Блокнотик\Блокнотик\Debug\link.4360-rc.write.1.tlog
C:\Users\Александр\documents\visual studio 2012\Projects\Блокнотик\Блокнотик\Debug\link.4360.read.1.tlog
C:\Users\Александр\documents\visual studio 2012\Projects\Блокнотик\Блокнотик\Debug\link.4360.write.1.tlog
C:\Users\Александр\documents\visual studio 2012\Projects\Блокнотик\Блокнотик\Debug\link.4416-cvtres.read.1.tlog
C:\Users\Александр\documents\visual studio 2012\Projects\Блокнотик\Блокнотик\Debug\link.4416-cvtres.write.1.tlog
C:\Users\Александр\documents\visual studio 2012\Projects\Блокнотик\Блокнотик\Debug\link.4416-rc.read.1.tlog
C:\Users\Александр\documents\visual studio 2012\Projects\Блокнотик\Блокнотик\Debug\link.4416-rc.write.1.tlog
C:\Users\Александр\documents\visual studio 2012\Projects\Блокнотик\Блокнотик\Debug\link.4416.read.1.tlog
C:\Users\Александр\documents\visual studio 2012\Projects\Блокнотик\Блокнотик\Debug\link.4416.write.1.tlog
C:\Users\Александр\documents\visual studio 2012\Projects\Блокнотик\Блокнотик\Debug\link.4464-cvtres.read.1.tlog
C:\Users\Александр\documents\visual studio 2012\Projects\Блокнотик\Блокнотик\Debug\link.4464-cvtres.write.1.tlog
C:\Users\Александр\documents\visual studio 2012\Projects\Блокнотик\Блокнотик\Debug\link.4464-rc.read.1.tlog
C:\Users\Александр\documents\visual studio 2012\Projects\Блокнотик\Блокнотик\Debug\link.4464-rc.write.1.tlog
C:\Users\Александр\documents\visual studio 2012\Projects\Блокнотик\Блокнотик\Debug\link.4464.read.1.tlog
C:\Users\Александр\documents\visual studio 2012\Projects\Блокнотик\Блокнотик\Debug\link.4464.write.1.tlog
C:\Users\Александр\documents\visual studio 2012\Projects\Блокнотик\Блокнотик\Debug\link.4492-cvtres.read.1.tlog
C:\Users\Александр\documents\visual studio 2012\Projects\Блокнотик\Блокнотик\Debug\link.4492-cvtres.write.1.tlog
C:\Users\Александр\documents\visual studio 2012\Projects\Блокнотик\Блокнотик\Debug\link.4492-rc.read.1.tlog
C:\Users\Александр\documents\visual studio 2012\Projects\Блокнотик\Блокнотик\Debug\link.4492-rc.write.1.tlog
C:\Users\Александр\documents\visual studio 2012\Projects\Блокнотик\Блокнотик\Debug\link.4492.read.1.tlog
C:\Users\Александр\documents\visual studio 2012\Projects\Блокнотик\Блокнотик\Debug\link.4492.write.1.tlog
C:\Users\Александр\documents\visual studio 2012\Projects\Блокнотик\Блокнотик\Debug\link.4600-cvtres.read.1.tlog
C:\Users\Александр\documents\visual studio 2012\Projects\Блокнотик\Блокнотик\Debug\link.4600-cvtres.write.1.tlog
C:\Users\Александр\documents\visual studio 2012\Projects\Блокнотик\Блокнотик\Debug\link.4600-rc.read.1.tlog
C:\Users\Александр\documents\visual studio 2012\Projects\Блокнотик\Блокнотик\Debug\link.4600-rc.write.1.tlog
C:\Users\Александр\documents\visual studio 2012\Projects\Блокнотик\Блокнотик\Debug\link.4600.read.1.tlog
C:\Users\Александр\documents\visual studio 2012\Projects\Блокнотик\Блокнотик\Debug\link.4600.write.1.tlog
C:\Users\Александр\documents\visual studio 2012\Projects\Блокнотик\Блокнотик\Debug\link.4688-cvtres.read.1.tlog
C:\Users\Александр\documents\visual studio 2012\Projects\Блокнотик\Блокнотик\Debug\link.4688-cvtres.write.1.tlog
C:\Users\Александр\documents\visual studio 2012\Projects\Блокнотик\Блокнотик\Debug\link.4688-rc.read.1.tlog
C:\Users\Александр\documents\visual studio 2012\Projects\Блокнотик\Блокнотик\Debug\link.4688-rc.write.1.tlog
C:\Users\Александр\documents\visual studio 2012\Projects\Блокнотик\Блокнотик\Debug\link.4688.read.1.tlog
C:\Users\Александр\documents\visual studio 2012\Projects\Блокнотик\Блокнотик\Debug\link.4688.write.1.tlog
C:\Users\Александр\documents\visual studio 2012\Projects\Блокнотик\Блокнотик\Debug\link.4696-cvtres.read.1.tlog
C:\Users\Александр\documents\visual studio 2012\Projects\Блокнотик\Блокнотик\Debug\link.4696-cvtres.write.1.tlog
C:\Users\Александр\documents\visual studio 2012\Projects\Блокнотик\Блокнотик\Debug\link.4696-rc.read.1.tlog
C:\Users\Александр\documents\visual studio 2012\Projects\Блокнотик\Блокнотик\Debug\link.4696-rc.write.1.tlog
C:\Users\Александр\documents\visual studio 2012\Projects\Блокнотик\Блокнотик\Debug\link.4696.read.1.tlog
C:\Users\Александр\documents\visual studio 2012\Projects\Блокнотик\Блокнотик\Debug\link.4696.write.1.tlog
C:\Users\Александр\documents\visual studio 2012\Projects\Блокнотик\Блокнотик\Debug\link.4736-cvtres.read.1.tlog
C:\Users\Александр\documents\visual studio 2012\Projects\Блокнотик\Блокнотик\Debug\link.4736-cvtres.write.1.tlog
C:\Users\Александр\documents\visual studio 2012\Projects\Блокнотик\Блокнотик\Debug\link.4736-rc.read.1.tlog
C:\Users\Александр\documents\visual studio 2012\Projects\Блокнотик\Блокнотик\Debug\link.4736-rc.write.1.tlog
C:\Users\Александр\documents\visual studio 2012\Projects\Блокнотик\Блокнотик\Debug\link.4736.read.1.tlog
C:\Users\Александр\documents\visual studio 2012\Projects\Блокнотик\Блокнотик\Debug\link.4736.write.1.tlog
C:\Users\Александр\documents\visual studio 2012\Projects\Блокнотик\Блокнотик\Debug\link.4740-cvtres.read.1.tlog
C:\Users\Александр\documents\visual studio 2012\Projects\Блокнотик\Блокнотик\Debug\link.4740-cvtres.write.1.tlog
C:\Users\Александр\documents\visual studio 2012\Projects\Блокнотик\Блокнотик\Debug\link.4740-rc.read.1.tlog
C:\Users\Александр\documents\visual studio 2012\Projects\Блокнотик\Блокнотик\Debug\link.4740-rc.write.1.tlog
C:\Users\Александр\documents\visual studio 2012\Projects\Блокнотик\Блокнотик\Debug\link.4740.read.1.tlog
C:\Users\Александр\documents\visual studio 2012\Projects\Блокнотик\Блокнотик\Debug\link.4740.write.1.tlog
C:\Users\Александр\documents\visual studio 2012\Projects\Блокнотик\Блокнотик\Debug\link.4752-cvtres.read.1.tlog
C:\Users\Александр\documents\visual studio 2012\Projects\Блокнотик\Блокнотик\Debug\link.4752-cvtres.write.1.tlog
C:\Users\Александр\documents\visual studio 2012\Projects\Блокнотик\Блокнотик\Debug\link.4752-rc.read.1.tlog
C:\Users\Александр\documents\visual studio 2012\Projects\Блокнотик\Блокнотик\Debug\link.4752-rc.write.1.tlog
C:\Users\Александр\documents\visual studio 2012\Projects\Блокнотик\Блокнотик\Debug\link.4752.read.1.tlog
C:\Users\Александр\documents\visual studio 2012\Projects\Блокнотик\Блокнотик\Debug\link.4752.write.1.tlog
C:\Users\Александр\documents\visual studio 2012\Projects\Блокнотик\Блокнотик\Debug\link.4816-cvtres.read.1.tlog
C:\Users\Александр\documents\visual studio 2012\Projects\Блокнотик\Блокнотик\Debug\link.4816-cvtres.write.1.tlog
C:\Users\Александр\documents\visual studio 2012\Projects\Блокнотик\Блокнотик\Debug\link.4816-rc.read.1.tlog
C:\Users\Александр\documents\visual studio 2012\Projects\Блокнотик\Блокнотик\Debug\link.4816-rc.write.1.tlog
C:\Users\Александр\documents\visual studio 2012\Projects\Блокнотик\Блокнотик\Debug\link.4816.read.1.tlog
C:\Users\Александр\documents\visual studio 2012\Projects\Блокнотик\Блокнотик\Debug\link.4816.write.1.tlog
C:\Users\Александр\documents\visual studio 2012\Projects\Блокнотик\Блокнотик\Debug\link.4844-cvtres.read.1.tlog
C:\Users\Александр\documents\visual studio 2012\Projects\Блокнотик\Блокнотик\Debug\link.4844-cvtres.write.1.tlog
C:\Users\Александр\documents\visual studio 2012\Projects\Блокнотик\Блокнотик\Debug\link.4844-rc.read.1.tlog
C:\Users\Александр\documents\visual studio 2012\Projects\Блокнотик\Блокнотик\Debug\link.4844-rc.write.1.tlog
C:\Users\Александр\documents\visual studio 2012\Projects\Блокнотик\Блокнотик\Debug\link.4844.read.1.tlog
C:\Users\Александр\documents\visual studio 2012\Projects\Блокнотик\Блокнотик\Debug\link.4844.write.1.tlog
C:\Users\Александр\documents\visual studio 2012\Projects\Блокнотик\Блокнотик\Debug\link.4912-cvtres.read.1.tlog
C:\Users\Александр\documents\visual studio 2012\Projects\Блокнотик\Блокнотик\Debug\link.4912-cvtres.write.1.tlog
C:\Users\Александр\documents\visual studio 2012\Projects\Блокнотик\Блокнотик\Debug\link.4912-rc.read.1.tlog
C:\Users\Александр\documents\visual studio 2012\Projects\Блокнотик\Блокнотик\Debug\link.4912-rc.write.1.tlog
C:\Users\Александр\documents\visual studio 2012\Projects\Блокнотик\Блокнотик\Debug\link.4912.read.1.tlog
C:\Users\Александр\documents\visual studio 2012\Projects\Блокнотик\Блокнотик\Debug\link.4912.write.1.tlog
C:\Users\Александр\documents\visual studio 2012\Projects\Блокнотик\Блокнотик\Debug\link.5064-cvtres.read.1.tlog
C:\Users\Александр\documents\visual studio 2012\Projects\Блокнотик\Блокнотик\Debug\link.5064-cvtres.write.1.tlog
C:\Users\Александр\documents\visual studio 2012\Projects\Блокнотик\Блокнотик\Debug\link.5064-rc.read.1.tlog
C:\Users\Александр\documents\visual studio 2012\Projects\Блокнотик\Блокнотик\Debug\link.5064-rc.write.1.tlog
C:\Users\Александр\documents\visual studio 2012\Projects\Блокнотик\Блокнотик\Debug\link.5064.read.1.tlog
C:\Users\Александр\documents\visual studio 2012\Projects\Блокнотик\Блокнотик\Debug\link.5064.write.1.tlog
C:\Users\Александр\documents\visual studio 2012\Projects\Блокнотик\Блокнотик\Debug\link.5136-cvtres.read.1.tlog
C:\Users\Александр\documents\visual studio 2012\Projects\Блокнотик\Блокнотик\Debug\link.5136-cvtres.write.1.tlog
C:\Users\Александр\documents\visual studio 2012\Projects\Блокнотик\Блокнотик\Debug\link.5136-rc.read.1.tlog
C:\Users\Александр\documents\visual studio 2012\Projects\Блокнотик\Блокнотик\Debug\link.5136-rc.write.1.tlog
C:\Users\Александр\documents\visual studio 2012\Projects\Блокнотик\Блокнотик\Debug\link.5136.read.1.tlog
C:\Users\Александр\documents\visual studio 2012\Projects\Блокнотик\Блокнотик\Debug\link.5136.write.1.tlog
C:\Users\Александр\documents\visual studio 2012\Projects\Блокнотик\Блокнотик\Debug\link.5180-cvtres.read.1.tlog
C:\Users\Александр\documents\visual studio 2012\Projects\Блокнотик\Блокнотик\Debug\link.5180-cvtres.write.1.tlog
C:\Users\Александр\documents\visual studio 2012\Projects\Блокнотик\Блокнотик\Debug\link.5180-rc.read.1.tlog
C:\Users\Александр\documents\visual studio 2012\Projects\Блокнотик\Блокнотик\Debug\link.5180-rc.write.1.tlog
C:\Users\Александр\documents\visual studio 2012\Projects\Блокнотик\Блокнотик\Debug\link.5180.read.1.tlog
C:\Users\Александр\documents\visual studio 2012\Projects\Блокнотик\Блокнотик\Debug\link.5180.write.1.tlog
C:\Users\Александр\documents\visual studio 2012\Projects\Блокнотик\Блокнотик\Debug\link.5184-cvtres.read.1.tlog
C:\Users\Александр\documents\visual studio 2012\Projects\Блокнотик\Блокнотик\Debug\link.5184-cvtres.write.1.tlog
C:\Users\Александр\documents\visual studio 2012\Projects\Блокнотик\Блокнотик\Debug\link.5184-rc.read.1.tlog
C:\Users\Александр\documents\visual studio 2012\Projects\Блокнотик\Блокнотик\Debug\link.5184-rc.write.1.tlog
C:\Users\Александр\documents\visual studio 2012\Projects\Блокнотик\Блокнотик\Debug\link.5184.read.1.tlog
C:\Users\Александр\documents\visual studio 2012\Projects\Блокнотик\Блокнотик\Debug\link.5184.write.1.tlog
C:\Users\Александр\documents\visual studio 2012\Projects\Блокнотик\Блокнотик\Debug\link.5252-cvtres.read.1.tlog
C:\Users\Александр\documents\visual studio 2012\Projects\Блокнотик\Блокнотик\Debug\link.5252-cvtres.write.1.tlog
C:\Users\Александр\documents\visual studio 2012\Projects\Блокнотик\Блокнотик\Debug\link.5252-rc.read.1.tlog
C:\Users\Александр\documents\visual studio 2012\Projects\Блокнотик\Блокнотик\Debug\link.5252-rc.write.1.tlog
C:\Users\Александр\documents\visual studio 2012\Projects\Блокнотик\Блокнотик\Debug\link.5252.read.1.tlog
C:\Users\Александр\documents\visual studio 2012\Projects\Блокнотик\Блокнотик\Debug\link.5252.write.1.tlog
C:\Users\Александр\documents\visual studio 2012\Projects\Блокнотик\Блокнотик\Debug\link.5272-cvtres.read.1.tlog
C:\Users\Александр\documents\visual studio 2012\Projects\Блокнотик\Блокнотик\Debug\link.5272-cvtres.write.1.tlog
C:\Users\Александр\documents\visual studio 2012\Projects\Блокнотик\Блокнотик\Debug\link.5272-rc.read.1.tlog
C:\Users\Александр\documents\visual studio 2012\Projects\Блокнотик\Блокнотик\Debug\link.5272-rc.write.1.tlog
C:\Users\Александр\documents\visual studio 2012\Projects\Блокнотик\Блокнотик\Debug\link.5272.read.1.tlog
C:\Users\Александр\documents\visual studio 2012\Projects\Блокнотик\Блокнотик\Debug\link.5272.write.1.tlog
C:\Users\Александр\documents\visual studio 2012\Projects\Блокнотик\Блокнотик\Debug\link.5320-cvtres.read.1.tlog
C:\Users\Александр\documents\visual studio 2012\Projects\Блокнотик\Блокнотик\Debug\link.5320-cvtres.write.1.tlog
C:\Users\Александр\documents\visual studio 2012\Projects\Блокнотик\Блокнотик\Debug\link.5320-rc.read.1.tlog
C:\Users\Александр\documents\visual studio 2012\Projects\Блокнотик\Блокнотик\Debug\link.5320-rc.write.1.tlog
C:\Users\Александр\documents\visual studio 2012\Projects\Блокнотик\Блокнотик\Debug\link.5320.read.1.tlog
C:\Users\Александр\documents\visual studio 2012\Projects\Блокнотик\Блокнотик\Debug\link.5320.write.1.tlog
C:\Users\Александр\documents\visual studio 2012\Projects\Блокнотик\Блокнотик\Debug\link.5332-cvtres.read.1.tlog
C:\Users\Александр\documents\visual studio 2012\Projects\Блокнотик\Блокнотик\Debug\link.5332-cvtres.write.1.tlog
C:\Users\Александр\documents\visual studio 2012\Projects\Блокнотик\Блокнотик\Debug\link.5332-rc.read.1.tlog
C:\Users\Александр\documents\visual studio 2012\Projects\Блокнотик\Блокнотик\Debug\link.5332-rc.write.1.tlog
C:\Users\Александр\documents\visual studio 2012\Projects\Блокнотик\Блокнотик\Debug\link.5332.read.1.tlog
C:\Users\Александр\documents\visual studio 2012\Projects\Блокнотик\Блокнотик\Debug\link.5332.write.1.tlog
C:\Users\Александр\documents\visual studio 2012\Projects\Блокнотик\Блокнотик\Debug\link.5340-cvtres.read.1.tlog
C:\Users\Александр\documents\visual studio 2012\Projects\Блокнотик\Блокнотик\Debug\link.5340-cvtres.write.1.tlog
C:\Users\Александр\documents\visual studio 2012\Projects\Блокнотик\Блокнотик\Debug\link.5340-rc.read.1.tlog
C:\Users\Александр\documents\visual studio 2012\Projects\Блокнотик\Блокнотик\Debug\link.5340-rc.write.1.tlog
C:\Users\Александр\documents\visual studio 2012\Projects\Блокнотик\Блокнотик\Debug\link.5340.read.1.tlog
C:\Users\Александр\documents\visual studio 2012\Projects\Блокнотик\Блокнотик\Debug\link.5340.write.1.tlog
C:\Users\Александр\documents\visual studio 2012\Projects\Блокнотик\Блокнотик\Debug\link.5396-cvtres.read.1.tlog
C:\Users\Александр\documents\visual studio 2012\Projects\Блокнотик\Блокнотик\Debug\link.5396-cvtres.write.1.tlog
C:\Users\Александр\documents\visual studio 2012\Projects\Блокнотик\Блокнотик\Debug\link.5396-rc.read.1.tlog
C:\Users\Александр\documents\visual studio 2012\Projects\Блокнотик\Блокнотик\Debug\link.5396-rc.write.1.tlog
C:\Users\Александр\documents\visual studio 2012\Projects\Блокнотик\Блокнотик\Debug\link.5396.read.1.tlog
C:\Users\Александр\documents\visual studio 2012\Projects\Блокнотик\Блокнотик\Debug\link.5396.write.1.tlog
C:\Users\Александр\documents\visual studio 2012\Projects\Блокнотик\Блокнотик\Debug\link.5404-cvtres.read.1.tlog
C:\Users\Александр\documents\visual studio 2012\Projects\Блокнотик\Блокнотик\Debug\link.5404-cvtres.write.1.tlog
C:\Users\Александр\documents\visual studio 2012\Projects\Блокнотик\Блокнотик\Debug\link.5404-rc.read.1.tlog
C:\Users\Александр\documents\visual studio 2012\Projects\Блокнотик\Блокнотик\Debug\link.5404-rc.write.1.tlog
C:\Users\Александр\documents\visual studio 2012\Projects\Блокнотик\Блокнотик\Debug\link.5404.read.1.tlog
C:\Users\Александр\documents\visual studio 2012\Projects\Блокнотик\Блокнотик\Debug\link.5404.write.1.tlog
C:\Users\Александр\documents\visual studio 2012\Projects\Блокнотик\Блокнотик\Debug\link.5428-cvtres.read.1.tlog
C:\Users\Александр\documents\visual studio 2012\Projects\Блокнотик\Блокнотик\Debug\link.5428-cvtres.write.1.tlog
C:\Users\Александр\documents\visual studio 2012\Projects\Блокнотик\Блокнотик\Debug\link.5428-rc.read.1.tlog
C:\Users\Александр\documents\visual studio 2012\Projects\Блокнотик\Блокнотик\Debug\link.5428-rc.write.1.tlog
C:\Users\Александр\documents\visual studio 2012\Projects\Блокнотик\Блокнотик\Debug\link.5428.read.1.tlog
C:\Users\Александр\documents\visual studio 2012\Projects\Блокнотик\Блокнотик\Debug\link.5428.write.1.tlog
C:\Users\Александр\documents\visual studio 2012\Projects\Блокнотик\Блокнотик\Debug\link.5520-cvtres.read.1.tlog
C:\Users\Александр\documents\visual studio 2012\Projects\Блокнотик\Блокнотик\Debug\link.5520-cvtres.write.1.tlog
C:\Users\Александр\documents\visual studio 2012\Projects\Блокнотик\Блокнотик\Debug\link.5520-rc.read.1.tlog
C:\Users\Александр\documents\visual studio 2012\Projects\Блокнотик\Блокнотик\Debug\link.5520-rc.write.1.tlog
C:\Users\Александр\documents\visual studio 2012\Projects\Блокнотик\Блокнотик\Debug\link.5520.read.1.tlog
C:\Users\Александр\documents\visual studio 2012\Projects\Блокнотик\Блокнотик\Debug\link.5520.write.1.tlog
C:\Users\Александр\documents\visual studio 2012\Projects\Блокнотик\Блокнотик\Debug\link.5548-cvtres.read.1.tlog
C:\Users\Александр\documents\visual studio 2012\Projects\Блокнотик\Блокнотик\Debug\link.5548-cvtres.write.1.tlog
C:\Users\Александр\documents\visual studio 2012\Projects\Блокнотик\Блокнотик\Debug\link.5548-rc.read.1.tlog
C:\Users\Александр\documents\visual studio 2012\Projects\Блокнотик\Блокнотик\Debug\link.5548-rc.write.1.tlog
C:\Users\Александр\documents\visual studio 2012\Projects\Блокнотик\Блокнотик\Debug\link.5548.read.1.tlog
C:\Users\Александр\documents\visual studio 2012\Projects\Блокнотик\Блокнотик\Debug\link.5548.write.1.tlog
C:\Users\Александр\documents\visual studio 2012\Projects\Блокнотик\Блокнотик\Debug\link.5556-cvtres.read.1.tlog
C:\Users\Александр\documents\visual studio 2012\Projects\Блокнотик\Блокнотик\Debug\link.5556-cvtres.write.1.tlog
C:\Users\Александр\documents\visual studio 2012\Projects\Блокнотик\Блокнотик\Debug\link.5556-rc.read.1.tlog
C:\Users\Александр\documents\visual studio 2012\Projects\Блокнотик\Блокнотик\Debug\link.5556-rc.write.1.tlog
C:\Users\Александр\documents\visual studio 2012\Projects\Блокнотик\Блокнотик\Debug\link.5556.read.1.tlog
C:\Users\Александр\documents\visual studio 2012\Projects\Блокнотик\Блокнотик\Debug\link.5556.write.1.tlog
C:\Users\Александр\documents\visual studio 2012\Projects\Блокнотик\Блокнотик\Debug\link.5584-cvtres.read.1.tlog
C:\Users\Александр\documents\visual studio 2012\Projects\Блокнотик\Блокнотик\Debug\link.5584-cvtres.write.1.tlog
C:\Users\Александр\documents\visual studio 2012\Projects\Блокнотик\Блокнотик\Debug\link.5584-rc.read.1.tlog
C:\Users\Александр\documents\visual studio 2012\Projects\Блокнотик\Блокнотик\Debug\link.5584-rc.write.1.tlog
C:\Users\Александр\documents\visual studio 2012\Projects\Блокнотик\Блокнотик\Debug\link.5584.read.1.tlog
C:\Users\Александр\documents\visual studio 2012\Projects\Блокнотик\Блокнотик\Debug\link.5584.write.1.tlog
C:\Users\Александр\documents\visual studio 2012\Projects\Блокнотик\Блокнотик\Debug\link.5620-cvtres.read.1.tlog
C:\Users\Александр\documents\visual studio 2012\Projects\Блокнотик\Блокнотик\Debug\link.5620-cvtres.write.1.tlog
C:\Users\Александр\documents\visual studio 2012\Projects\Блокнотик\Блокнотик\Debug\link.5620-rc.read.1.tlog
C:\Users\Александр\documents\visual studio 2012\Projects\Блокнотик\Блокнотик\Debug\link.5620-rc.write.1.tlog
C:\Users\Александр\documents\visual studio 2012\Projects\Блокнотик\Блокнотик\Debug\link.5620.read.1.tlog
C:\Users\Александр\documents\visual studio 2012\Projects\Блокнотик\Блокнотик\Debug\link.5620.write.1.tlog
C:\Users\Александр\documents\visual studio 2012\Projects\Блокнотик\Блокнотик\Debug\link.5696-cvtres.read.1.tlog
C:\Users\Александр\documents\visual studio 2012\Projects\Блокнотик\Блокнотик\Debug\link.5696-cvtres.write.1.tlog
C:\Users\Александр\documents\visual studio 2012\Projects\Блокнотик\Блокнотик\Debug\link.5696-rc.read.1.tlog
C:\Users\Александр\documents\visual studio 2012\Projects\Блокнотик\Блокнотик\Debug\link.5696-rc.write.1.tlog
C:\Users\Александр\documents\visual studio 2012\Projects\Блокнотик\Блокнотик\Debug\link.5696.read.1.tlog
C:\Users\Александр\documents\visual studio 2012\Projects\Блокнотик\Блокнотик\Debug\link.5696.write.1.tlog
C:\Users\Александр\documents\visual studio 2012\Projects\Блокнотик\Блокнотик\Debug\link.5704-cvtres.read.1.tlog
C:\Users\Александр\documents\visual studio 2012\Projects\Блокнотик\Блокнотик\Debug\link.5704-cvtres.write.1.tlog
C:\Users\Александр\documents\visual studio 2012\Projects\Блокнотик\Блокнотик\Debug\link.5704-rc.read.1.tlog
C:\Users\Александр\documents\visual studio 2012\Projects\Блокнотик\Блокнотик\Debug\link.5704-rc.write.1.tlog
C:\Users\Александр\documents\visual studio 2012\Projects\Блокнотик\Блокнотик\Debug\link.5704.read.1.tlog
C:\Users\Александр\documents\visual studio 2012\Projects\Блокнотик\Блокнотик\Debug\link.5704.write.1.tlog
C:\Users\Александр\documents\visual studio 2012\Projects\Блокнотик\Блокнотик\Debug\link.5728-cvtres.read.1.tlog
C:\Users\Александр\documents\visual studio 2012\Projects\Блокнотик\Блокнотик\Debug\link.5728-cvtres.write.1.tlog
C:\Users\Александр\documents\visual studio 2012\Projects\Блокнотик\Блокнотик\Debug\link.5728-rc.read.1.tlog
C:\Users\Александр\documents\visual studio 2012\Projects\Блокнотик\Блокнотик\Debug\link.5728-rc.write.1.tlog
C:\Users\Александр\documents\visual studio 2012\Projects\Блокнотик\Блокнотик\Debug\link.5728.read.1.tlog
C:\Users\Александр\documents\visual studio 2012\Projects\Блокнотик\Блокнотик\Debug\link.5728.write.1.tlog
C:\Users\Александр\documents\visual studio 2012\Projects\Блокнотик\Блокнотик\Debug\link.5764-cvtres.read.1.tlog
C:\Users\Александр\documents\visual studio 2012\Projects\Блокнотик\Блокнотик\Debug\link.5764-cvtres.write.1.tlog
C:\Users\Александр\documents\visual studio 2012\Projects\Блокнотик\Блокнотик\Debug\link.5764-rc.read.1.tlog
C:\Users\Александр\documents\visual studio 2012\Projects\Блокнотик\Блокнотик\Debug\link.5764-rc.write.1.tlog
C:\Users\Александр\documents\visual studio 2012\Projects\Блокнотик\Блокнотик\Debug\link.5764.read.1.tlog
C:\Users\Александр\documents\visual studio 2012\Projects\Блокнотик\Блокнотик\Debug\link.5764.write.1.tlog
C:\Users\Александр\documents\visual studio 2012\Projects\Блокнотик\Блокнотик\Debug\link.5792-cvtres.read.1.tlog
C:\Users\Александр\documents\visual studio 2012\Projects\Блокнотик\Блокнотик\Debug\link.5792-cvtres.write.1.tlog
C:\Users\Александр\documents\visual studio 2012\Projects\Блокнотик\Блокнотик\Debug\link.5792-rc.read.1.tlog
C:\Users\Александр\documents\visual studio 2012\Projects\Блокнотик\Блокнотик\Debug\link.5792-rc.write.1.tlog
C:\Users\Александр\documents\visual studio 2012\Projects\Блокнотик\Блокнотик\Debug\link.5792.read.1.tlog
C:\Users\Александр\documents\visual studio 2012\Projects\Блокнотик\Блокнотик\Debug\link.5792.write.1.tlog
C:\Users\Александр\documents\visual studio 2012\Projects\Блокнотик\Блокнотик\Debug\link.5828-cvtres.read.1.tlog
C:\Users\Александр\documents\visual studio 2012\Projects\Блокнотик\Блокнотик\Debug\link.5828-cvtres.write.1.tlog
C:\Users\Александр\documents\visual studio 2012\Projects\Блокнотик\Блокнотик\Debug\link.5828-rc.read.1.tlog
C:\Users\Александр\documents\visual studio 2012\Projects\Блокнотик\Блокнотик\Debug\link.5828-rc.write.1.tlog
C:\Users\Александр\documents\visual studio 2012\Projects\Блокнотик\Блокнотик\Debug\link.5828.read.1.tlog
C:\Users\Александр\documents\visual studio 2012\Projects\Блокнотик\Блокнотик\Debug\link.5828.write.1.tlog
C:\Users\Александр\documents\visual studio 2012\Projects\Блокнотик\Блокнотик\Debug\link.5852-cvtres.read.1.tlog
C:\Users\Александр\documents\visual studio 2012\Projects\Блокнотик\Блокнотик\Debug\link.5852-cvtres.write.1.tlog
C:\Users\Александр\documents\visual studio 2012\Projects\Блокнотик\Блокнотик\Debug\link.5852-rc.read.1.tlog
C:\Users\Александр\documents\visual studio 2012\Projects\Блокнотик\Блокнотик\Debug\link.5852-rc.write.1.tlog
C:\Users\Александр\documents\visual studio 2012\Projects\Блокнотик\Блокнотик\Debug\link.5852.read.1.tlog
C:\Users\Александр\documents\visual studio 2012\Projects\Блокнотик\Блокнотик\Debug\link.5852.write.1.tlog
C:\Users\Александр\documents\visual studio 2012\Projects\Блокнотик\Блокнотик\Debug\link.5864-cvtres.read.1.tlog
C:\Users\Александр\documents\visual studio 2012\Projects\Блокнотик\Блокнотик\Debug\link.5864-cvtres.write.1.tlog
C:\Users\Александр\documents\visual studio 2012\Projects\Блокнотик\Блокнотик\Debug\link.5864-rc.read.1.tlog
C:\Users\Александр\documents\visual studio 2012\Projects\Блокнотик\Блокнотик\Debug\link.5864-rc.write.1.tlog
C:\Users\Александр\documents\visual studio 2012\Projects\Блокнотик\Блокнотик\Debug\link.5864.read.1.tlog
C:\Users\Александр\documents\visual studio 2012\Projects\Блокнотик\Блокнотик\Debug\link.5864.write.1.tlog
C:\Users\Александр\documents\visual studio 2012\Projects\Блокнотик\Блокнотик\Debug\link.5884-cvtres.read.1.tlog
C:\Users\Александр\documents\visual studio 2012\Projects\Блокнотик\Блокнотик\Debug\link.5884-cvtres.write.1.tlog
C:\Users\Александр\documents\visual studio 2012\Projects\Блокнотик\Блокнотик\Debug\link.5884-rc.read.1.tlog
C:\Users\Александр\documents\visual studio 2012\Projects\Блокнотик\Блокнотик\Debug\link.5884-rc.write.1.tlog
C:\Users\Александр\documents\visual studio 2012\Projects\Блокнотик\Блокнотик\Debug\link.5884.read.1.tlog
C:\Users\Александр\documents\visual studio 2012\Projects\Блокнотик\Блокнотик\Debug\link.5884.write.1.tlog
C:\Users\Александр\documents\visual studio 2012\Projects\Блокнотик\Блокнотик\Debug\link.5916-cvtres.read.1.tlog
C:\Users\Александр\documents\visual studio 2012\Projects\Блокнотик\Блокнотик\Debug\link.5916-cvtres.write.1.tlog
C:\Users\Александр\documents\visual studio 2012\Projects\Блокнотик\Блокнотик\Debug\link.5916-rc.read.1.tlog
C:\Users\Александр\documents\visual studio 2012\Projects\Блокнотик\Блокнотик\Debug\link.5916-rc.write.1.tlog
C:\Users\Александр\documents\visual studio 2012\Projects\Блокнотик\Блокнотик\Debug\link.5916.read.1.tlog
C:\Users\Александр\documents\visual studio 2012\Projects\Блокнотик\Блокнотик\Debug\link.5916.write.1.tlog
C:\Users\Александр\documents\visual studio 2012\Projects\Блокнотик\Блокнотик\Debug\link.5944-cvtres.read.1.tlog
C:\Users\Александр\documents\visual studio 2012\Projects\Блокнотик\Блокнотик\Debug\link.5944-cvtres.write.1.tlog
C:\Users\Александр\documents\visual studio 2012\Projects\Блокнотик\Блокнотик\Debug\link.5944-rc.read.1.tlog
C:\Users\Александр\documents\visual studio 2012\Projects\Блокнотик\Блокнотик\Debug\link.5944-rc.write.1.tlog
C:\Users\Александр\documents\visual studio 2012\Projects\Блокнотик\Блокнотик\Debug\link.5944.read.1.tlog
C:\Users\Александр\documents\visual studio 2012\Projects\Блокнотик\Блокнотик\Debug\link.5944.write.1.tlog
C:\Users\Александр\documents\visual studio 2012\Projects\Блокнотик\Блокнотик\Debug\link.5968-cvtres.read.1.tlog
C:\Users\Александр\documents\visual studio 2012\Projects\Блокнотик\Блокнотик\Debug\link.5968-cvtres.write.1.tlog
C:\Users\Александр\documents\visual studio 2012\Projects\Блокнотик\Блокнотик\Debug\link.5968-rc.read.1.tlog
C:\Users\Александр\documents\visual studio 2012\Projects\Блокнотик\Блокнотик\Debug\link.5968-rc.write.1.tlog
C:\Users\Александр\documents\visual studio 2012\Projects\Блокнотик\Блокнотик\Debug\link.5968.read.1.tlog
C:\Users\Александр\documents\visual studio 2012\Projects\Блокнотик\Блокнотик\Debug\link.5968.write.1.tlog
C:\Users\Александр\documents\visual studio 2012\Projects\Блокнотик\Блокнотик\Debug\link.5972-cvtres.read.1.tlog
C:\Users\Александр\documents\visual studio 2012\Projects\Блокнотик\Блокнотик\Debug\link.5972-cvtres.write.1.tlog
C:\Users\Александр\documents\visual studio 2012\Projects\Блокнотик\Блокнотик\Debug\link.5972-rc.read.1.tlog
C:\Users\Александр\documents\visual studio 2012\Projects\Блокнотик\Блокнотик\Debug\link.5972-rc.write.1.tlog
C:\Users\Александр\documents\visual studio 2012\Projects\Блокнотик\Блокнотик\Debug\link.5972.read.1.tlog
C:\Users\Александр\documents\visual studio 2012\Projects\Блокнотик\Блокнотик\Debug\link.5972.write.1.tlog
C:\Users\Александр\documents\visual studio 2012\Projects\Блокнотик\Блокнотик\Debug\link.5984-cvtres.read.1.tlog
C:\Users\Александр\documents\visual studio 2012\Projects\Блокнотик\Блокнотик\Debug\link.5984-cvtres.write.1.tlog
C:\Users\Александр\documents\visual studio 2012\Projects\Блокнотик\Блокнотик\Debug\link.5984-rc.read.1.tlog
C:\Users\Александр\documents\visual studio 2012\Projects\Блокнотик\Блокнотик\Debug\link.5984-rc.write.1.tlog
C:\Users\Александр\documents\visual studio 2012\Projects\Блокнотик\Блокнотик\Debug\link.5984.read.1.tlog
C:\Users\Александр\documents\visual studio 2012\Projects\Блокнотик\Блокнотик\Debug\link.5984.write.1.tlog
C:\Users\Александр\documents\visual studio 2012\Projects\Блокнотик\Блокнотик\Debug\link.6024-cvtres.read.1.tlog
C:\Users\Александр\documents\visual studio 2012\Projects\Блокнотик\Блокнотик\Debug\link.6024-cvtres.write.1.tlog
C:\Users\Александр\documents\visual studio 2012\Projects\Блокнотик\Блокнотик\Debug\link.6024-rc.read.1.tlog
C:\Users\Александр\documents\visual studio 2012\Projects\Блокнотик\Блокнотик\Debug\link.6024-rc.write.1.tlog
C:\Users\Александр\documents\visual studio 2012\Projects\Блокнотик\Блокнотик\Debug\link.6024.read.1.tlog
C:\Users\Александр\documents\visual studio 2012\Projects\Блокнотик\Блокнотик\Debug\link.6024.write.1.tlog
C:\Users\Александр\documents\visual studio 2012\Projects\Блокнотик\Блокнотик\Debug\link.6028-cvtres.read.1.tlog
C:\Users\Александр\documents\visual studio 2012\Projects\Блокнотик\Блокнотик\Debug\link.6028-cvtres.write.1.tlog
C:\Users\Александр\documents\visual studio 2012\Projects\Блокнотик\Блокнотик\Debug\link.6028-rc.read.1.tlog
C:\Users\Александр\documents\visual studio 2012\Projects\Блокнотик\Блокнотик\Debug\link.6028-rc.write.1.tlog
C:\Users\Александр\documents\visual studio 2012\Projects\Блокнотик\Блокнотик\Debug\link.6028.read.1.tlog
C:\Users\Александр\documents\visual studio 2012\Projects\Блокнотик\Блокнотик\Debug\link.6028.write.1.tlog
C:\Users\Александр\documents\visual studio 2012\Projects\Блокнотик\Блокнотик\Debug\link.6068-cvtres.read.1.tlog
C:\Users\Александр\documents\visual studio 2012\Projects\Блокнотик\Блокнотик\Debug\link.6068-cvtres.write.1.tlog
C:\Users\Александр\documents\visual studio 2012\Projects\Блокнотик\Блокнотик\Debug\link.6068-rc.read.1.tlog
C:\Users\Александр\documents\visual studio 2012\Projects\Блокнотик\Блокнотик\Debug\link.6068-rc.write.1.tlog
C:\Users\Александр\documents\visual studio 2012\Projects\Блокнотик\Блокнотик\Debug\link.6068.read.1.tlog
C:\Users\Александр\documents\visual studio 2012\Projects\Блокнотик\Блокнотик\Debug\link.6068.write.1.tlog
C:\Users\Александр\documents\visual studio 2012\Projects\Блокнотик\Блокнотик\Debug\link.6084-cvtres.read.1.tlog
C:\Users\Александр\documents\visual studio 2012\Projects\Блокнотик\Блокнотик\Debug\link.6084-cvtres.write.1.tlog
C:\Users\Александр\documents\visual studio 2012\Projects\Блокнотик\Блокнотик\Debug\link.6084-rc.read.1.tlog
C:\Users\Александр\documents\visual studio 2012\Projects\Блокнотик\Блокнотик\Debug\link.6084-rc.write.1.tlog
C:\Users\Александр\documents\visual studio 2012\Projects\Блокнотик\Блокнотик\Debug\link.6084.read.1.tlog
C:\Users\Александр\documents\visual studio 2012\Projects\Блокнотик\Блокнотик\Debug\link.6084.write.1.tlog
C:\Users\Александр\documents\visual studio 2012\Projects\Блокнотик\Блокнотик\Debug\link.6124-cvtres.read.1.tlog
C:\Users\Александр\documents\visual studio 2012\Projects\Блокнотик\Блокнотик\Debug\link.6124-cvtres.write.1.tlog
C:\Users\Александр\documents\visual studio 2012\Projects\Блокнотик\Блокнотик\Debug\link.6124-rc.read.1.tlog
C:\Users\Александр\documents\visual studio 2012\Projects\Блокнотик\Блокнотик\Debug\link.6124-rc.write.1.tlog
C:\Users\Александр\documents\visual studio 2012\Projects\Блокнотик\Блокнотик\Debug\link.6124.read.1.tlog
C:\Users\Александр\documents\visual studio 2012\Projects\Блокнотик\Блокнотик\Debug\link.6124.write.1.tlog
C:\Users\Александр\documents\visual studio 2012\Projects\Блокнотик\Блокнотик\Debug\link.6132-cvtres.read.1.tlog
C:\Users\Александр\documents\visual studio 2012\Projects\Блокнотик\Блокнотик\Debug\link.6132-cvtres.write.1.tlog
C:\Users\Александр\documents\visual studio 2012\Projects\Блокнотик\Блокнотик\Debug\link.6132-rc.read.1.tlog
C:\Users\Александр\documents\visual studio 2012\Projects\Блокнотик\Блокнотик\Debug\link.6132-rc.write.1.tlog
C:\Users\Александр\documents\visual studio 2012\Projects\Блокнотик\Блокнотик\Debug\link.6132.read.1.tlog
C:\Users\Александр\documents\visual studio 2012\Projects\Блокнотик\Блокнотик\Debug\link.6132.write.1.tlog
C:\Users\Александр\documents\visual studio 2012\Projects\Блокнотик\Блокнотик\Debug\link.6152-cvtres.read.1.tlog
C:\Users\Александр\documents\visual studio 2012\Projects\Блокнотик\Блокнотик\Debug\link.6152-cvtres.write.1.tlog
C:\Users\Александр\documents\visual studio 2012\Projects\Блокнотик\Блокнотик\Debug\link.6152-rc.read.1.tlog
C:\Users\Александр\documents\visual studio 2012\Projects\Блокнотик\Блокнотик\Debug\link.6152-rc.write.1.tlog
C:\Users\Александр\documents\visual studio 2012\Projects\Блокнотик\Блокнотик\Debug\link.6152.read.1.tlog
C:\Users\Александр\documents\visual studio 2012\Projects\Блокнотик\Блокнотик\Debug\link.6152.write.1.tlog
C:\Users\Александр\documents\visual studio 2012\Projects\Блокнотик\Блокнотик\Debug\link.6408-cvtres.read.1.tlog
C:\Users\Александр\documents\visual studio 2012\Projects\Блокнотик\Блокнотик\Debug\link.6408-cvtres.write.1.tlog
C:\Users\Александр\documents\visual studio 2012\Projects\Блокнотик\Блокнотик\Debug\link.6408-rc.read.1.tlog
C:\Users\Александр\documents\visual studio 2012\Projects\Блокнотик\Блокнотик\Debug\link.6408-rc.write.1.tlog
C:\Users\Александр\documents\visual studio 2012\Projects\Блокнотик\Блокнотик\Debug\link.6408.read.1.tlog
C:\Users\Александр\documents\visual studio 2012\Projects\Блокнотик\Блокнотик\Debug\link.6408.write.1.tlog
C:\Users\Александр\documents\visual studio 2012\Projects\Блокнотик\Блокнотик\Debug\link.6428-cvtres.read.1.tlog
C:\Users\Александр\documents\visual studio 2012\Projects\Блокнотик\Блокнотик\Debug\link.6428-cvtres.write.1.tlog
C:\Users\Александр\documents\visual studio 2012\Projects\Блокнотик\Блокнотик\Debug\link.6428-rc.read.1.tlog
C:\Users\Александр\documents\visual studio 2012\Projects\Блокнотик\Блокнотик\Debug\link.6428-rc.write.1.tlog
C:\Users\Александр\documents\visual studio 2012\Projects\Блокнотик\Блокнотик\Debug\link.6428.read.1.tlog
C:\Users\Александр\documents\visual studio 2012\Projects\Блокнотик\Блокнотик\Debug\link.6428.write.1.tlog
C:\Users\Александр\documents\visual studio 2012\Projects\Блокнотик\Блокнотик\Debug\link.700-cvtres.read.1.tlog
C:\Users\Александр\documents\visual studio 2012\Projects\Блокнотик\Блокнотик\Debug\link.700-cvtres.write.1.tlog
C:\Users\Александр\documents\visual studio 2012\Projects\Блокнотик\Блокнотик\Debug\link.700-rc.read.1.tlog
C:\Users\Александр\documents\visual studio 2012\Projects\Блокнотик\Блокнотик\Debug\link.700-rc.write.1.tlog
C:\Users\Александр\documents\visual studio 2012\Projects\Блокнотик\Блокнотик\Debug\link.700.read.1.tlog
C:\Users\Александр\documents\visual studio 2012\Projects\Блокнотик\Блокнотик\Debug\link.700.write.1.tlog
C:\Users\Александр\documents\visual studio 2012\Projects\Блокнотик\Блокнотик\Debug\link.7240-cvtres.read.1.tlog
C:\Users\Александр\documents\visual studio 2012\Projects\Блокнотик\Блокнотик\Debug\link.7240-cvtres.write.1.tlog
C:\Users\Александр\documents\visual studio 2012\Projects\Блокнотик\Блокнотик\Debug\link.7240-rc.read.1.tlog
C:\Users\Александр\documents\visual studio 2012\Projects\Блокнотик\Блокнотик\Debug\link.7240-rc.write.1.tlog
C:\Users\Александр\documents\visual studio 2012\Projects\Блокнотик\Блокнотик\Debug\link.7240.read.1.tlog
C:\Users\Александр\documents\visual studio 2012\Projects\Блокнотик\Блокнотик\Debug\link.7240.write.1.tlog
C:\Users\Александр\documents\visual studio 2012\Projects\Блокнотик\Блокнотик\Debug\link.7252-cvtres.read.1.tlog
C:\Users\Александр\documents\visual studio 2012\Projects\Блокнотик\Блокнотик\Debug\link.7252-cvtres.write.1.tlog
C:\Users\Александр\documents\visual studio 2012\Projects\Блокнотик\Блокнотик\Debug\link.7252-rc.read.1.tlog
C:\Users\Александр\documents\visual studio 2012\Projects\Блокнотик\Блокнотик\Debug\link.7252-rc.write.1.tlog
C:\Users\Александр\documents\visual studio 2012\Projects\Блокнотик\Блокнотик\Debug\link.7252.read.1.tlog
C:\Users\Александр\documents\visual studio 2012\Projects\Блокнотик\Блокнотик\Debug\link.7252.write.1.tlog
C:\Users\Александр\documents\visual studio 2012\Projects\Блокнотик\Блокнотик\Debug\link.7264-cvtres.read.1.tlog
C:\Users\Александр\documents\visual studio 2012\Projects\Блокнотик\Блокнотик\Debug\link.7264-cvtres.write.1.tlog
C:\Users\Александр\documents\visual studio 2012\Projects\Блокнотик\Блокнотик\Debug\link.7264-rc.read.1.tlog
C:\Users\Александр\documents\visual studio 2012\Projects\Блокнотик\Блокнотик\Debug\link.7264-rc.write.1.tlog
C:\Users\Александр\documents\visual studio 2012\Projects\Блокнотик\Блокнотик\Debug\link.7264.read.1.tlog
C:\Users\Александр\documents\visual studio 2012\Projects\Блокнотик\Блокнотик\Debug\link.7264.write.1.tlog
C:\Users\Александр\documents\visual studio 2012\Projects\Блокнотик\Блокнотик\Debug\link.7572-cvtres.read.1.tlog
C:\Users\Александр\documents\visual studio 2012\Projects\Блокнотик\Блокнотик\Debug\link.7572-cvtres.write.1.tlog
C:\Users\Александр\documents\visual studio 2012\Projects\Блокнотик\Блокнотик\Debug\link.7572-rc.read.1.tlog
C:\Users\Александр\documents\visual studio 2012\Projects\Блокнотик\Блокнотик\Debug\link.7572-rc.write.1.tlog
C:\Users\Александр\documents\visual studio 2012\Projects\Блокнотик\Блокнотик\Debug\link.7572.read.1.tlog
C:\Users\Александр\documents\visual studio 2012\Projects\Блокнотик\Блокнотик\Debug\link.7572.write.1.tlog
C:\Users\Александр\documents\visual studio 2012\Projects\Блокнотик\Блокнотик\Debug\link.7580-cvtres.read.1.tlog
C:\Users\Александр\documents\visual studio 2012\Projects\Блокнотик\Блокнотик\Debug\link.7580-cvtres.write.1.tlog
C:\Users\Александр\documents\visual studio 2012\Projects\Блокнотик\Блокнотик\Debug\link.7580-rc.read.1.tlog
C:\Users\Александр\documents\visual studio 2012\Projects\Блокнотик\Блокнотик\Debug\link.7580-rc.write.1.tlog
C:\Users\Александр\documents\visual studio 2012\Projects\Блокнотик\Блокнотик\Debug\link.7580.read.1.tlog
C:\Users\Александр\documents\visual studio 2012\Projects\Блокнотик\Блокнотик\Debug\link.7580.write.1.tlog
C:\Users\Александр\documents\visual studio 2012\Projects\Блокнотик\Блокнотик\Debug\link.7628-cvtres.read.1.tlog
C:\Users\Александр\documents\visual studio 2012\Projects\Блокнотик\Блокнотик\Debug\link.7628-cvtres.write.1.tlog
C:\Users\Александр\documents\visual studio 2012\Projects\Блокнотик\Блокнотик\Debug\link.7628-rc.read.1.tlog
C:\Users\Александр\documents\visual studio 2012\Projects\Блокнотик\Блокнотик\Debug\link.7628-rc.write.1.tlog
C:\Users\Александр\documents\visual studio 2012\Projects\Блокнотик\Блокнотик\Debug\link.7628.read.1.tlog
C:\Users\Александр\documents\visual studio 2012\Projects\Блокнотик\Блокнотик\Debug\link.7628.write.1.tlog
C:\Users\Александр\documents\visual studio 2012\Projects\Блокнотик\Блокнотик\Debug\link.7712-cvtres.read.1.tlog
C:\Users\Александр\documents\visual studio 2012\Projects\Блокнотик\Блокнотик\Debug\link.7712-cvtres.write.1.tlog
C:\Users\Александр\documents\visual studio 2012\Projects\Блокнотик\Блокнотик\Debug\link.7712-rc.read.1.tlog
C:\Users\Александр\documents\visual studio 2012\Projects\Блокнотик\Блокнотик\Debug\link.7712-rc.write.1.tlog
C:\Users\Александр\documents\visual studio 2012\Projects\Блокнотик\Блокнотик\Debug\link.7712.read.1.tlog
C:\Users\Александр\documents\visual studio 2012\Projects\Блокнотик\Блокнотик\Debug\link.7712.write.1.tlog
C:\Users\Александр\documents\visual studio 2012\Projects\Блокнотик\Блокнотик\Debug\link.7860-cvtres.read.1.tlog
C:\Users\Александр\documents\visual studio 2012\Projects\Блокнотик\Блокнотик\Debug\link.7860-cvtres.write.1.tlog
C:\Users\Александр\documents\visual studio 2012\Projects\Блокнотик\Блокнотик\Debug\link.7860-rc.read.1.tlog
C:\Users\Александр\documents\visual studio 2012\Projects\Блокнотик\Блокнотик\Debug\link.7860-rc.write.1.tlog
C:\Users\Александр\documents\visual studio 2012\Projects\Блокнотик\Блокнотик\Debug\link.7860.read.1.tlog
C:\Users\Александр\documents\visual studio 2012\Projects\Блокнотик\Блокнотик\Debug\link.7860.write.1.tlog
C:\Users\Александр\documents\visual studio 2012\Projects\Блокнотик\Блокнотик\Debug\link.7916-cvtres.read.1.tlog
C:\Users\Александр\documents\visual studio 2012\Projects\Блокнотик\Блокнотик\Debug\link.7916-cvtres.write.1.tlog
C:\Users\Александр\documents\visual studio 2012\Projects\Блокнотик\Блокнотик\Debug\link.7916-rc.read.1.tlog
C:\Users\Александр\documents\visual studio 2012\Projects\Блокнотик\Блокнотик\Debug\link.7916-rc.write.1.tlog
C:\Users\Александр\documents\visual studio 2012\Projects\Блокнотик\Блокнотик\Debug\link.7916.read.1.tlog
C:\Users\Александр\documents\visual studio 2012\Projects\Блокнотик\Блокнотик\Debug\link.7916.write.1.tlog
C:\Users\Александр\documents\visual studio 2012\Projects\Блокнотик\Блокнотик\Debug\link.868-cvtres.read.1.tlog
C:\Users\Александр\documents\visual studio 2012\Projects\Блокнотик\Блокнотик\Debug\link.868-cvtres.write.1.tlog
C:\Users\Александр\documents\visual studio 2012\Projects\Блокнотик\Блокнотик\Debug\link.868-rc.read.1.tlog
C:\Users\Александр\documents\visual studio 2012\Projects\Блокнотик\Блокнотик\Debug\link.868-rc.write.1.tlog
C:\Users\Александр\documents\visual studio 2012\Projects\Блокнотик\Блокнотик\Debug\link.868.read.1.tlog
C:\Users\Александр\documents\visual studio 2012\Projects\Блокнотик\Блокнотик\Debug\link.868.write.1.tlog
C:\Users\Александр\documents\visual studio 2012\Projects\Блокнотик\Блокнотик\Debug\link.888-cvtres.read.1.tlog
C:\Users\Александр\documents\visual studio 2012\Projects\Блокнотик\Блокнотик\Debug\link.888-cvtres.write.1.tlog
C:\Users\Александр\documents\visual studio 2012\Projects\Блокнотик\Блокнотик\Debug\link.888-rc.read.1.tlog
C:\Users\Александр\documents\visual studio 2012\Projects\Блокнотик\Блокнотик\Debug\link.888-rc.write.1.tlog
C:\Users\Александр\documents\visual studio 2012\Projects\Блокнотик\Блокнотик\Debug\link.888.read.1.tlog
C:\Users\Александр\documents\visual studio 2012\Projects\Блокнотик\Блокнотик\Debug\link.888.write.1.tlog
C:\Users\Александр\documents\visual studio 2012\Projects\Блокнотик\Блокнотик\Debug\link.952-cvtres.read.1.tlog
C:\Users\Александр\documents\visual studio 2012\Projects\Блокнотик\Блокнотик\Debug\link.952-cvtres.write.1.tlog
C:\Users\Александр\documents\visual studio 2012\Projects\Блокнотик\Блокнотик\Debug\link.952-rc.read.1.tlog
C:\Users\Александр\documents\visual studio 2012\Projects\Блокнотик\Блокнотик\Debug\link.952-rc.write.1.tlog
C:\Users\Александр\documents\visual studio 2012\Projects\Блокнотик\Блокнотик\Debug\link.952.read.1.tlog
C:\Users\Александр\documents\visual studio 2012\Projects\Блокнотик\Блокнотик\Debug\link.952.write.1.tlog
C:\Users\Александр\documents\visual studio 2012\Projects\Блокнотик\Блокнотик\Debug\link.command.1.tlog
C:\Users\Александр\documents\visual studio 2012\Projects\Блокнотик\Блокнотик\Debug\link.read.1.tlog
C:\Users\Александр\documents\visual studio 2012\Projects\Блокнотик\Блокнотик\Debug\link.write.1.tlog
C:\Users\Александр\documents\visual studio 2012\Projects\Блокнотик\Блокнотик\Debug\metagen.read.1.tlog
C:\Users\Александр\documents\visual studio 2012\Projects\Блокнотик\Блокнотик\Debug\metagen.write.1.tlog
C:\Users\Александр\documents\visual studio 2012\Projects\Блокнотик\Блокнотик\Debug\rc.command.1.tlog
C:\Users\Александр\documents\visual studio 2012\Projects\Блокнотик\Блокнотик\Debug\rc.read.1.tlog
C:\Users\Александр\documents\visual studio 2012\Projects\Блокнотик\Блокнотик\Debug\rc.write.1.tlog
C:\Users\Александр\documents\visual studio 2012\Projects\Блокнотик\Блокнотик\Debug\Блокнотик.write.1.tlog
C:\Users\Александр\documents\visual studio 2012\Projects\Блокнотик\Блокнотик\Debug\app.res
C:\Users\Александр\documents\visual studio 2012\Projects\Блокнотик\Блокнотик\Debug\Блокнотик.pch
C:\Users\Александр\documents\visual studio 2012\Projects\Блокнотик\Блокнотик\Debug\vc110.pdb
C:\Users\Александр\documents\visual studio 2012\Projects\Блокнотик\Блокнотик\Debug\RSAENH.DLL.bi
C:\Users\Александр\documents\visual studio 2012\Projects\Блокнотик\Блокнотик\Debug\TZRES.DLL.bi
C:\Users\Александр\documents\visual studio 2012\Projects\Блокнотик\Debug\Блокнотик.pdb
C:\Users\Александр\documents\visual studio 2012\Projects\Блокнотик\Debug\Блокнотик.exe
C:\Users\Александр\documents\visual studio 2012\Projects\Блокнотик\Debug\Блокнотик.ilk
